{"D:\\Programming\\Programming-Tests\\desafio-agendaedu\\src\\components\\ClassStudentModal.tsx": {"path":"D:\\Programming\\Programming-Tests\\desafio-agendaedu\\src\\components\\ClassStudentModal.tsx","statementMap":{"0":{"start":{"line":31,"column":38},"end":{"line":31,"column":60}},"1":{"start":{"line":33,"column":2},"end":{"line":35,"column":29}},"2":{"start":{"line":34,"column":4},"end":{"line":34,"column":31}},"3":{"start":{"line":37,"column":2},"end":{"line":78,"column":3}},"4":{"start":{"line":47,"column":52},"end":{"line":47,"column":71}},"5":{"start":{"line":62,"column":31},"end":{"line":62,"column":52}}},"fnMap":{"0":{"name":"ClassStudentModal","decl":{"start":{"line":22,"column":24},"end":{"line":22,"column":41}},"loc":{"start":{"line":30,"column":27},"end":{"line":79,"column":1}},"line":30},"1":{"name":"(anonymous_1)","decl":{"start":{"line":33,"column":12},"end":{"line":33,"column":13}},"loc":{"start":{"line":33,"column":18},"end":{"line":35,"column":3}},"line":33},"2":{"name":"(anonymous_2)","decl":{"start":{"line":47,"column":45},"end":{"line":47,"column":46}},"loc":{"start":{"line":47,"column":52},"end":{"line":47,"column":71}},"line":47},"3":{"name":"(anonymous_3)","decl":{"start":{"line":62,"column":25},"end":{"line":62,"column":26}},"loc":{"start":{"line":62,"column":31},"end":{"line":62,"column":52}},"line":62}},"branchMap":{"0":{"loc":{"start":{"line":26,"column":2},"end":{"line":26,"column":17}},"type":"default-arg","locations":[{"start":{"line":26,"column":12},"end":{"line":26,"column":17}}],"line":26},"1":{"loc":{"start":{"line":29,"column":2},"end":{"line":29,"column":19}},"type":"default-arg","locations":[{"start":{"line":29,"column":17},"end":{"line":29,"column":19}}],"line":29},"2":{"loc":{"start":{"line":63,"column":26},"end":{"line":63,"column":61}},"type":"binary-expr","locations":[{"start":{"line":63,"column":26},"end":{"line":63,"column":33}},{"start":{"line":63,"column":37},"end":{"line":63,"column":61}}],"line":63},"3":{"loc":{"start":{"line":65,"column":17},"end":{"line":71,"column":17}},"type":"cond-expr","locations":[{"start":{"line":66,"column":18},"end":{"line":66,"column":55}},{"start":{"line":68,"column":18},"end":{"line":70,"column":25}}],"line":65}},"s":{"0":0,"1":0,"2":0,"3":0,"4":0,"5":0},"f":{"0":0,"1":0,"2":0,"3":0},"b":{"0":[0],"1":[0],"2":[0,0],"3":[0,0]}}
,"D:\\Programming\\Programming-Tests\\desafio-agendaedu\\src\\components\\ConfirmDeleteModal.tsx": {"path":"D:\\Programming\\Programming-Tests\\desafio-agendaedu\\src\\components\\ConfirmDeleteModal.tsx","statementMap":{"0":{"start":{"line":25,"column":2},"end":{"line":67,"column":3}},"1":{"start":{"line":35,"column":52},"end":{"line":35,"column":71}}},"fnMap":{"0":{"name":"ConfirmDeleteModal","decl":{"start":{"line":18,"column":24},"end":{"line":18,"column":42}},"loc":{"start":{"line":24,"column":28},"end":{"line":68,"column":1}},"line":24},"1":{"name":"(anonymous_1)","decl":{"start":{"line":35,"column":45},"end":{"line":35,"column":46}},"loc":{"start":{"line":35,"column":52},"end":{"line":35,"column":71}},"line":35}},"branchMap":{"0":{"loc":{"start":{"line":22,"column":2},"end":{"line":22,"column":17}},"type":"default-arg","locations":[{"start":{"line":22,"column":12},"end":{"line":22,"column":17}}],"line":22},"1":{"loc":{"start":{"line":48,"column":17},"end":{"line":52,"column":17}},"type":"cond-expr","locations":[{"start":{"line":49,"column":18},"end":{"line":49,"column":52}},{"start":{"line":51,"column":18},"end":{"line":51,"column":82}}],"line":48}},"s":{"0":0,"1":0},"f":{"0":0,"1":0},"b":{"0":[0],"1":[0,0]}}
,"D:\\Programming\\Programming-Tests\\desafio-agendaedu\\src\\components\\ListItem.tsx": {"path":"D:\\Programming\\Programming-Tests\\desafio-agendaedu\\src\\components\\ListItem.tsx","statementMap":{"0":{"start":{"line":21,"column":29},"end":{"line":57,"column":1}},"1":{"start":{"line":28,"column":16},"end":{"line":31,"column":4}},"2":{"start":{"line":33,"column":18},"end":{"line":36,"column":4}},"3":{"start":{"line":38,"column":21},"end":{"line":41,"column":4}},"4":{"start":{"line":43,"column":2},"end":{"line":56,"column":4}},"5":{"start":{"line":66,"column":28},"end":{"line":77,"column":3}},"6":{"start":{"line":70,"column":4},"end":{"line":76,"column":6}},"7":{"start":{"line":74,"column":21},"end":{"line":74,"column":33}},"8":{"start":{"line":79,"column":29},"end":{"line":90,"column":3}},"9":{"start":{"line":83,"column":4},"end":{"line":89,"column":6}},"10":{"start":{"line":87,"column":21},"end":{"line":87,"column":31}},"11":{"start":{"line":92,"column":2},"end":{"line":111,"column":4}}},"fnMap":{"0":{"name":"(anonymous_0)","decl":{"start":{"line":21,"column":29},"end":{"line":21,"column":30}},"loc":{"start":{"line":27,"column":25},"end":{"line":57,"column":1}},"line":27},"1":{"name":"ListItem","decl":{"start":{"line":59,"column":24},"end":{"line":59,"column":32}},"loc":{"start":{"line":65,"column":18},"end":{"line":112,"column":1}},"line":65},"2":{"name":"(anonymous_2)","decl":{"start":{"line":66,"column":28},"end":{"line":66,"column":29}},"loc":{"start":{"line":70,"column":4},"end":{"line":76,"column":6}},"line":70},"3":{"name":"(anonymous_3)","decl":{"start":{"line":74,"column":15},"end":{"line":74,"column":16}},"loc":{"start":{"line":74,"column":21},"end":{"line":74,"column":33}},"line":74},"4":{"name":"(anonymous_4)","decl":{"start":{"line":79,"column":29},"end":{"line":79,"column":30}},"loc":{"start":{"line":83,"column":4},"end":{"line":89,"column":6}},"line":83},"5":{"name":"(anonymous_5)","decl":{"start":{"line":87,"column":15},"end":{"line":87,"column":16}},"loc":{"start":{"line":87,"column":21},"end":{"line":87,"column":31}},"line":87}},"branchMap":{"0":{"loc":{"start":{"line":40,"column":18},"end":{"line":40,"column":49}},"type":"cond-expr","locations":[{"start":{"line":40,"column":41},"end":{"line":40,"column":44}},{"start":{"line":40,"column":47},"end":{"line":40,"column":49}}],"line":40}},"s":{"0":0,"1":0,"2":0,"3":0,"4":0,"5":0,"6":0,"7":0,"8":0,"9":0,"10":0,"11":0},"f":{"0":0,"1":0,"2":0,"3":0,"4":0,"5":0},"b":{"0":[0,0]}}
,"D:\\Programming\\Programming-Tests\\desafio-agendaedu\\src\\components\\ObservationItem.tsx": {"path":"D:\\Programming\\Programming-Tests\\desafio-agendaedu\\src\\components\\ObservationItem.tsx","statementMap":{"0":{"start":{"line":30,"column":24},"end":{"line":34,"column":4}},"1":{"start":{"line":36,"column":2},"end":{"line":91,"column":3}},"2":{"start":{"line":81,"column":25},"end":{"line":81,"column":40}}},"fnMap":{"0":{"name":"ObservationItem","decl":{"start":{"line":17,"column":24},"end":{"line":17,"column":39}},"loc":{"start":{"line":28,"column":25},"end":{"line":92,"column":1}},"line":28},"1":{"name":"(anonymous_1)","decl":{"start":{"line":40,"column":79},"end":{"line":40,"column":80}},"loc":{"start":{"line":40,"column":85},"end":{"line":40,"column":87}},"line":40},"2":{"name":"(anonymous_2)","decl":{"start":{"line":48,"column":75},"end":{"line":48,"column":76}},"loc":{"start":{"line":48,"column":81},"end":{"line":48,"column":83}},"line":48},"3":{"name":"(anonymous_3)","decl":{"start":{"line":81,"column":19},"end":{"line":81,"column":20}},"loc":{"start":{"line":81,"column":25},"end":{"line":81,"column":40}},"line":81}},"branchMap":{"0":{"loc":{"start":{"line":40,"column":37},"end":{"line":40,"column":87}},"type":"cond-expr","locations":[{"start":{"line":40,"column":62},"end":{"line":40,"column":76}},{"start":{"line":40,"column":79},"end":{"line":40,"column":87}}],"line":40},"1":{"loc":{"start":{"line":41,"column":33},"end":{"line":41,"column":79}},"type":"cond-expr","locations":[{"start":{"line":41,"column":58},"end":{"line":41,"column":67}},{"start":{"line":41,"column":70},"end":{"line":41,"column":79}}],"line":41},"2":{"loc":{"start":{"line":48,"column":37},"end":{"line":48,"column":83}},"type":"cond-expr","locations":[{"start":{"line":48,"column":60},"end":{"line":48,"column":72}},{"start":{"line":48,"column":75},"end":{"line":48,"column":83}}],"line":48},"3":{"loc":{"start":{"line":49,"column":34},"end":{"line":49,"column":78}},"type":"cond-expr","locations":[{"start":{"line":49,"column":57},"end":{"line":49,"column":66}},{"start":{"line":49,"column":69},"end":{"line":49,"column":78}}],"line":49},"4":{"loc":{"start":{"line":57,"column":19},"end":{"line":57,"column":51}},"type":"cond-expr","locations":[{"start":{"line":57,"column":30},"end":{"line":57,"column":39}},{"start":{"line":57,"column":42},"end":{"line":57,"column":51}}],"line":57},"5":{"loc":{"start":{"line":58,"column":18},"end":{"line":58,"column":54}},"type":"cond-expr","locations":[{"start":{"line":58,"column":29},"end":{"line":58,"column":38}},{"start":{"line":58,"column":41},"end":{"line":58,"column":54}}],"line":58},"6":{"loc":{"start":{"line":71,"column":10},"end":{"line":76,"column":15}},"type":"binary-expr","locations":[{"start":{"line":71,"column":10},"end":{"line":71,"column":14}},{"start":{"line":72,"column":10},"end":{"line":76,"column":15}}],"line":71},"7":{"loc":{"start":{"line":79,"column":10},"end":{"line":87,"column":27}},"type":"binary-expr","locations":[{"start":{"line":79,"column":10},"end":{"line":79,"column":29}},{"start":{"line":80,"column":10},"end":{"line":87,"column":27}}],"line":79}},"s":{"0":7,"1":7,"2":1},"f":{"0":7,"1":1,"2":1,"3":1},"b":{"0":[6,1],"1":[6,1],"2":[6,1],"3":[6,1],"4":[7,0],"5":[7,0],"6":[7,6],"7":[7,6]},"_coverageSchema":"1a1c01bbd47fc00a2c39e90264f33305004495a9","hash":"ed4538edab6cf1bd91a6ad6880a3dfcf062d631b"}
,"D:\\Programming\\Programming-Tests\\desafio-agendaedu\\src\\components\\ObservationModal.tsx": {"path":"D:\\Programming\\Programming-Tests\\desafio-agendaedu\\src\\components\\ObservationModal.tsx","statementMap":{"0":{"start":{"line":44,"column":38},"end":{"line":44,"column":64}},"1":{"start":{"line":45,"column":34},"end":{"line":45,"column":54}},"2":{"start":{"line":46,"column":26},"end":{"line":46,"column":42}},"3":{"start":{"line":48,"column":31},"end":{"line":50,"column":3}},"4":{"start":{"line":49,"column":4},"end":{"line":49,"column":35}},"5":{"start":{"line":49,"column":27},"end":{"line":49,"column":33}},"6":{"start":{"line":52,"column":24},"end":{"line":58,"column":3}},"7":{"start":{"line":53,"column":4},"end":{"line":57,"column":7}},"8":{"start":{"line":60,"column":2},"end":{"line":64,"column":16}},"9":{"start":{"line":61,"column":4},"end":{"line":61,"column":36}},"10":{"start":{"line":62,"column":4},"end":{"line":62,"column":28}},"11":{"start":{"line":63,"column":4},"end":{"line":63,"column":20}},"12":{"start":{"line":66,"column":2},"end":{"line":145,"column":4}},"13":{"start":{"line":76,"column":52},"end":{"line":76,"column":71}}},"fnMap":{"0":{"name":"ObservationModal","decl":{"start":{"line":32,"column":24},"end":{"line":32,"column":40}},"loc":{"start":{"line":43,"column":26},"end":{"line":146,"column":1}},"line":43},"1":{"name":"(anonymous_1)","decl":{"start":{"line":48,"column":31},"end":{"line":48,"column":32}},"loc":{"start":{"line":48,"column":37},"end":{"line":50,"column":3}},"line":48},"2":{"name":"(anonymous_2)","decl":{"start":{"line":49,"column":16},"end":{"line":49,"column":17}},"loc":{"start":{"line":49,"column":27},"end":{"line":49,"column":33}},"line":49},"3":{"name":"(anonymous_3)","decl":{"start":{"line":52,"column":24},"end":{"line":52,"column":25}},"loc":{"start":{"line":52,"column":30},"end":{"line":58,"column":3}},"line":52},"4":{"name":"(anonymous_4)","decl":{"start":{"line":60,"column":12},"end":{"line":60,"column":13}},"loc":{"start":{"line":60,"column":18},"end":{"line":64,"column":3}},"line":60},"5":{"name":"(anonymous_5)","decl":{"start":{"line":76,"column":45},"end":{"line":76,"column":46}},"loc":{"start":{"line":76,"column":52},"end":{"line":76,"column":71}},"line":76}},"branchMap":{"0":{"loc":{"start":{"line":37,"column":2},"end":{"line":37,"column":17}},"type":"default-arg","locations":[{"start":{"line":37,"column":12},"end":{"line":37,"column":17}}],"line":37},"1":{"loc":{"start":{"line":39,"column":2},"end":{"line":39,"column":23}},"type":"default-arg","locations":[{"start":{"line":39,"column":21},"end":{"line":39,"column":23}}],"line":39},"2":{"loc":{"start":{"line":40,"column":2},"end":{"line":40,"column":20}},"type":"default-arg","locations":[{"start":{"line":40,"column":15},"end":{"line":40,"column":20}}],"line":40},"3":{"loc":{"start":{"line":41,"column":2},"end":{"line":41,"column":16}},"type":"default-arg","locations":[{"start":{"line":41,"column":11},"end":{"line":41,"column":16}}],"line":41},"4":{"loc":{"start":{"line":42,"column":2},"end":{"line":42,"column":19}},"type":"default-arg","locations":[{"start":{"line":42,"column":11},"end":{"line":42,"column":19}}],"line":42},"5":{"loc":{"start":{"line":86,"column":46},"end":{"line":86,"column":75}},"type":"cond-expr","locations":[{"start":{"line":86,"column":57},"end":{"line":86,"column":66}},{"start":{"line":86,"column":69},"end":{"line":86,"column":75}}],"line":86},"6":{"loc":{"start":{"line":109,"column":30},"end":{"line":109,"column":58}},"type":"cond-expr","locations":[{"start":{"line":109,"column":37},"end":{"line":109,"column":46}},{"start":{"line":109,"column":49},"end":{"line":109,"column":58}}],"line":109},"7":{"loc":{"start":{"line":118,"column":26},"end":{"line":118,"column":61}},"type":"binary-expr","locations":[{"start":{"line":118,"column":26},"end":{"line":118,"column":33}},{"start":{"line":118,"column":37},"end":{"line":118,"column":61}}],"line":118},"8":{"loc":{"start":{"line":120,"column":17},"end":{"line":126,"column":17}},"type":"cond-expr","locations":[{"start":{"line":121,"column":18},"end":{"line":121,"column":55}},{"start":{"line":123,"column":18},"end":{"line":125,"column":25}}],"line":120},"9":{"loc":{"start":{"line":129,"column":15},"end":{"line":139,"column":15}},"type":"binary-expr","locations":[{"start":{"line":129,"column":15},"end":{"line":129,"column":32}},{"start":{"line":130,"column":16},"end":{"line":138,"column":35}}],"line":129}},"s":{"0":0,"1":0,"2":0,"3":0,"4":0,"5":0,"6":0,"7":0,"8":0,"9":0,"10":0,"11":0,"12":0,"13":0},"f":{"0":0,"1":0,"2":0,"3":0,"4":0,"5":0},"b":{"0":[0],"1":[0],"2":[0],"3":[0],"4":[0],"5":[0,0],"6":[0,0],"7":[0,0],"8":[0,0],"9":[0,0]}}
,"D:\\Programming\\Programming-Tests\\desafio-agendaedu\\src\\components\\ui\\Button.tsx": {"path":"D:\\Programming\\Programming-Tests\\desafio-agendaedu\\src\\components\\ui\\Button.tsx","statementMap":{"0":{"start":{"line":9,"column":20},"end":{"line":9,"column":41}},"1":{"start":{"line":11,"column":26},"end":{"line":15,"column":3}},"2":{"start":{"line":17,"column":21},"end":{"line":20,"column":3}},"3":{"start":{"line":22,"column":2},"end":{"line":30,"column":3}}},"fnMap":{"0":{"name":"Button","decl":{"start":{"line":8,"column":24},"end":{"line":8,"column":30}},"loc":{"start":{"line":8,"column":97},"end":{"line":31,"column":1}},"line":8}},"branchMap":{"0":{"loc":{"start":{"line":8,"column":40},"end":{"line":8,"column":59}},"type":"default-arg","locations":[{"start":{"line":8,"column":50},"end":{"line":8,"column":59}}],"line":8},"1":{"loc":{"start":{"line":13,"column":6},"end":{"line":13,"column":49}},"type":"cond-expr","locations":[{"start":{"line":13,"column":18},"end":{"line":13,"column":32}},{"start":{"line":13,"column":35},"end":{"line":13,"column":49}}],"line":13},"2":{"loc":{"start":{"line":14,"column":6},"end":{"line":14,"column":21}},"type":"binary-expr","locations":[{"start":{"line":14,"column":6},"end":{"line":14,"column":15}},{"start":{"line":14,"column":19},"end":{"line":14,"column":21}}],"line":14},"3":{"loc":{"start":{"line":19,"column":6},"end":{"line":19,"column":53}},"type":"cond-expr","locations":[{"start":{"line":19,"column":18},"end":{"line":19,"column":34}},{"start":{"line":19,"column":37},"end":{"line":19,"column":53}}],"line":19}},"s":{"0":4,"1":4,"2":4,"3":4},"f":{"0":4},"b":{"0":[0],"1":[2,2],"2":[4,4],"3":[2,2]},"_coverageSchema":"1a1c01bbd47fc00a2c39e90264f33305004495a9","hash":"013483b7b37ae6aa8c92625ccb98793342f73052"}
,"D:\\Programming\\Programming-Tests\\desafio-agendaedu\\src\\hooks\\useNavigation.tsx": {"path":"D:\\Programming\\Programming-Tests\\desafio-agendaedu\\src\\hooks\\useNavigation.tsx","statementMap":{"0":{"start":{"line":5,"column":29},"end":{"line":6,"column":67}},"1":{"start":{"line":6,"column":2},"end":{"line":6,"column":67}}},"fnMap":{"0":{"name":"(anonymous_0)","decl":{"start":{"line":5,"column":29},"end":{"line":5,"column":30}},"loc":{"start":{"line":6,"column":2},"end":{"line":6,"column":67}},"line":6}},"branchMap":{},"s":{"0":1,"1":2},"f":{"0":2},"b":{},"_coverageSchema":"1a1c01bbd47fc00a2c39e90264f33305004495a9","hash":"e9be7fabb93aa8db2146899a211ab75620d6e9f0"}
,"D:\\Programming\\Programming-Tests\\desafio-agendaedu\\src\\lib\\toast.tsx": {"path":"D:\\Programming\\Programming-Tests\\desafio-agendaedu\\src\\lib\\toast.tsx","statementMap":{"0":{"start":{"line":4,"column":27},"end":{"line":51,"column":1}},"1":{"start":{"line":6,"column":4},"end":{"line":18,"column":11}},"2":{"start":{"line":21,"column":4},"end":{"line":34,"column":11}},"3":{"start":{"line":37,"column":4},"end":{"line":49,"column":11}}},"fnMap":{"0":{"name":"(anonymous_0)","decl":{"start":{"line":5,"column":14},"end":{"line":5,"column":15}},"loc":{"start":{"line":6,"column":4},"end":{"line":18,"column":11}},"line":6},"1":{"name":"(anonymous_1)","decl":{"start":{"line":20,"column":17},"end":{"line":20,"column":18}},"loc":{"start":{"line":21,"column":4},"end":{"line":34,"column":11}},"line":21},"2":{"name":"(anonymous_2)","decl":{"start":{"line":36,"column":15},"end":{"line":36,"column":16}},"loc":{"start":{"line":37,"column":4},"end":{"line":49,"column":11}},"line":37}},"branchMap":{"0":{"loc":{"start":{"line":15,"column":7},"end":{"line":17,"column":14}},"type":"cond-expr","locations":[{"start":{"line":16,"column":8},"end":{"line":16,"column":78}},{"start":{"line":17,"column":10},"end":{"line":17,"column":14}}],"line":15},"1":{"loc":{"start":{"line":31,"column":7},"end":{"line":33,"column":14}},"type":"cond-expr","locations":[{"start":{"line":32,"column":8},"end":{"line":32,"column":78}},{"start":{"line":33,"column":10},"end":{"line":33,"column":14}}],"line":31},"2":{"loc":{"start":{"line":46,"column":7},"end":{"line":48,"column":14}},"type":"cond-expr","locations":[{"start":{"line":47,"column":8},"end":{"line":47,"column":78}},{"start":{"line":48,"column":10},"end":{"line":48,"column":14}}],"line":46}},"s":{"0":0,"1":0,"2":0,"3":0},"f":{"0":0,"1":0,"2":0},"b":{"0":[0,0],"1":[0,0],"2":[0,0]}}
,"D:\\Programming\\Programming-Tests\\desafio-agendaedu\\src\\navigation\\RootNavigator.tsx": {"path":"D:\\Programming\\Programming-Tests\\desafio-agendaedu\\src\\navigation\\RootNavigator.tsx","statementMap":{"0":{"start":{"line":8,"column":14},"end":{"line":8,"column":42}},"1":{"start":{"line":10,"column":51},"end":{"line":21,"column":1}},"2":{"start":{"line":25,"column":2},"end":{"line":53,"column":3}}},"fnMap":{"0":{"name":"RootNavigator","decl":{"start":{"line":24,"column":24},"end":{"line":24,"column":37}},"loc":{"start":{"line":24,"column":40},"end":{"line":54,"column":1}},"line":24}},"branchMap":{},"s":{"0":0,"1":0,"2":0},"f":{"0":0},"b":{}}
,"D:\\Programming\\Programming-Tests\\desafio-agendaedu\\src\\redux\\classesSlice.ts": {"path":"D:\\Programming\\Programming-Tests\\desafio-agendaedu\\src\\redux\\classesSlice.ts","statementMap":{"0":{"start":{"line":17,"column":35},"end":{"line":23,"column":1}},"1":{"start":{"line":25,"column":28},"end":{"line":33,"column":2}},"2":{"start":{"line":26,"column":19},"end":{"line":26,"column":86}},"3":{"start":{"line":27,"column":2},"end":{"line":29,"column":3}},"4":{"start":{"line":28,"column":6},"end":{"line":28,"column":72}},"5":{"start":{"line":30,"column":15},"end":{"line":30,"column":36}},"6":{"start":{"line":31,"column":18},"end":{"line":31,"column":35}},"7":{"start":{"line":32,"column":2},"end":{"line":32,"column":40}},"8":{"start":{"line":35,"column":27},"end":{"line":58,"column":1}},"9":{"start":{"line":38,"column":4},"end":{"line":56,"column":5}},"10":{"start":{"line":39,"column":23},"end":{"line":45,"column":8}},"11":{"start":{"line":47,"column":6},"end":{"line":50,"column":7}},"12":{"start":{"line":48,"column":26},"end":{"line":48,"column":47}},"13":{"start":{"line":49,"column":8},"end":{"line":49,"column":70}},"14":{"start":{"line":52,"column":23},"end":{"line":52,"column":44}},"15":{"start":{"line":53,"column":6},"end":{"line":53,"column":21}},"16":{"start":{"line":55,"column":6},"end":{"line":55,"column":96}},"17":{"start":{"line":65,"column":25},"end":{"line":88,"column":1}},"18":{"start":{"line":68,"column":4},"end":{"line":86,"column":5}},"19":{"start":{"line":69,"column":23},"end":{"line":75,"column":8}},"20":{"start":{"line":77,"column":6},"end":{"line":80,"column":7}},"21":{"start":{"line":78,"column":26},"end":{"line":78,"column":47}},"22":{"start":{"line":79,"column":8},"end":{"line":79,"column":68}},"23":{"start":{"line":82,"column":27},"end":{"line":82,"column":48}},"24":{"start":{"line":83,"column":6},"end":{"line":83,"column":25}},"25":{"start":{"line":85,"column":6},"end":{"line":85,"column":92}},"26":{"start":{"line":90,"column":27},"end":{"line":109,"column":1}},"27":{"start":{"line":93,"column":4},"end":{"line":107,"column":5}},"28":{"start":{"line":94,"column":23},"end":{"line":96,"column":8}},"29":{"start":{"line":98,"column":6},"end":{"line":102,"column":7}},"30":{"start":{"line":100,"column":26},"end":{"line":100,"column":47}},"31":{"start":{"line":101,"column":8},"end":{"line":101,"column":70}},"32":{"start":{"line":104,"column":6},"end":{"line":104,"column":15}},"33":{"start":{"line":106,"column":6},"end":{"line":106,"column":96}},"34":{"start":{"line":112,"column":21},"end":{"line":176,"column":2}},"35":{"start":{"line":119,"column":4},"end":{"line":174,"column":8}},"36":{"start":{"line":121,"column":8},"end":{"line":121,"column":32}},"37":{"start":{"line":124,"column":21},"end":{"line":124,"column":41}},"38":{"start":{"line":126,"column":8},"end":{"line":130,"column":9}},"39":{"start":{"line":127,"column":10},"end":{"line":127,"column":48}},"40":{"start":{"line":129,"column":10},"end":{"line":129,"column":71}},"41":{"start":{"line":132,"column":8},"end":{"line":132,"column":46}},"42":{"start":{"line":133,"column":8},"end":{"line":133,"column":34}},"43":{"start":{"line":136,"column":8},"end":{"line":136,"column":31}},"44":{"start":{"line":137,"column":8},"end":{"line":137,"column":71}},"45":{"start":{"line":140,"column":8},"end":{"line":140,"column":32}},"46":{"start":{"line":143,"column":8},"end":{"line":143,"column":34}},"47":{"start":{"line":144,"column":8},"end":{"line":144,"column":42}},"48":{"start":{"line":147,"column":8},"end":{"line":147,"column":31}},"49":{"start":{"line":148,"column":8},"end":{"line":148,"column":46}},"50":{"start":{"line":151,"column":8},"end":{"line":151,"column":32}},"51":{"start":{"line":154,"column":8},"end":{"line":154,"column":34}},"52":{"start":{"line":155,"column":22},"end":{"line":155,"column":82}},"53":{"start":{"line":155,"column":53},"end":{"line":155,"column":81}},"54":{"start":{"line":156,"column":8},"end":{"line":158,"column":9}},"55":{"start":{"line":157,"column":10},"end":{"line":157,"column":47}},"56":{"start":{"line":161,"column":8},"end":{"line":161,"column":31}},"57":{"start":{"line":162,"column":8},"end":{"line":162,"column":46}},"58":{"start":{"line":165,"column":8},"end":{"line":165,"column":32}},"59":{"start":{"line":168,"column":8},"end":{"line":168,"column":34}},"60":{"start":{"line":169,"column":8},"end":{"line":169,"column":78}},"61":{"start":{"line":169,"column":52},"end":{"line":169,"column":77}},"62":{"start":{"line":172,"column":8},"end":{"line":172,"column":31}},"63":{"start":{"line":173,"column":8},"end":{"line":173,"column":46}}},"fnMap":{"0":{"name":"(anonymous_0)","decl":{"start":{"line":25,"column":69},"end":{"line":25,"column":70}},"loc":{"start":{"line":25,"column":127},"end":{"line":33,"column":1}},"line":25},"1":{"name":"(anonymous_1)","decl":{"start":{"line":37,"column":2},"end":{"line":37,"column":3}},"loc":{"start":{"line":37,"column":52},"end":{"line":57,"column":3}},"line":37},"2":{"name":"(anonymous_2)","decl":{"start":{"line":67,"column":2},"end":{"line":67,"column":3}},"loc":{"start":{"line":67,"column":65},"end":{"line":87,"column":3}},"line":67},"3":{"name":"(anonymous_3)","decl":{"start":{"line":92,"column":2},"end":{"line":92,"column":3}},"loc":{"start":{"line":92,"column":45},"end":{"line":108,"column":3}},"line":92},"4":{"name":"(anonymous_4)","decl":{"start":{"line":118,"column":17},"end":{"line":118,"column":18}},"loc":{"start":{"line":118,"column":30},"end":{"line":175,"column":3}},"line":118},"5":{"name":"(anonymous_5)","decl":{"start":{"line":120,"column":37},"end":{"line":120,"column":38}},"loc":{"start":{"line":120,"column":48},"end":{"line":122,"column":7}},"line":120},"6":{"name":"(anonymous_6)","decl":{"start":{"line":123,"column":39},"end":{"line":123,"column":40}},"loc":{"start":{"line":123,"column":58},"end":{"line":134,"column":7}},"line":123},"7":{"name":"(anonymous_7)","decl":{"start":{"line":135,"column":38},"end":{"line":135,"column":39}},"loc":{"start":{"line":135,"column":57},"end":{"line":138,"column":7}},"line":135},"8":{"name":"(anonymous_8)","decl":{"start":{"line":139,"column":36},"end":{"line":139,"column":37}},"loc":{"start":{"line":139,"column":47},"end":{"line":141,"column":7}},"line":139},"9":{"name":"(anonymous_9)","decl":{"start":{"line":142,"column":38},"end":{"line":142,"column":39}},"loc":{"start":{"line":142,"column":79},"end":{"line":145,"column":7}},"line":142},"10":{"name":"(anonymous_10)","decl":{"start":{"line":146,"column":37},"end":{"line":146,"column":38}},"loc":{"start":{"line":146,"column":56},"end":{"line":149,"column":7}},"line":146},"11":{"name":"(anonymous_11)","decl":{"start":{"line":150,"column":34},"end":{"line":150,"column":35}},"loc":{"start":{"line":150,"column":45},"end":{"line":152,"column":7}},"line":150},"12":{"name":"(anonymous_12)","decl":{"start":{"line":153,"column":36},"end":{"line":153,"column":37}},"loc":{"start":{"line":153,"column":77},"end":{"line":159,"column":7}},"line":153},"13":{"name":"(anonymous_13)","decl":{"start":{"line":155,"column":46},"end":{"line":155,"column":47}},"loc":{"start":{"line":155,"column":53},"end":{"line":155,"column":81}},"line":155},"14":{"name":"(anonymous_14)","decl":{"start":{"line":160,"column":35},"end":{"line":160,"column":36}},"loc":{"start":{"line":160,"column":54},"end":{"line":163,"column":7}},"line":160},"15":{"name":"(anonymous_15)","decl":{"start":{"line":164,"column":36},"end":{"line":164,"column":37}},"loc":{"start":{"line":164,"column":47},"end":{"line":166,"column":7}},"line":164},"16":{"name":"(anonymous_16)","decl":{"start":{"line":167,"column":38},"end":{"line":167,"column":39}},"loc":{"start":{"line":167,"column":80},"end":{"line":170,"column":7}},"line":167},"17":{"name":"(anonymous_17)","decl":{"start":{"line":169,"column":45},"end":{"line":169,"column":46}},"loc":{"start":{"line":169,"column":52},"end":{"line":169,"column":77}},"line":169},"18":{"name":"(anonymous_18)","decl":{"start":{"line":171,"column":37},"end":{"line":171,"column":38}},"loc":{"start":{"line":171,"column":56},"end":{"line":174,"column":7}},"line":171}},"branchMap":{"0":{"loc":{"start":{"line":27,"column":2},"end":{"line":29,"column":3}},"type":"if","locations":[{"start":{"line":27,"column":2},"end":{"line":29,"column":3}},{"start":{},"end":{}}],"line":27},"1":{"loc":{"start":{"line":47,"column":6},"end":{"line":50,"column":7}},"type":"if","locations":[{"start":{"line":47,"column":6},"end":{"line":50,"column":7}},{"start":{},"end":{}}],"line":47},"2":{"loc":{"start":{"line":49,"column":24},"end":{"line":49,"column":69}},"type":"binary-expr","locations":[{"start":{"line":49,"column":24},"end":{"line":49,"column":41}},{"start":{"line":49,"column":45},"end":{"line":49,"column":69}}],"line":49},"3":{"loc":{"start":{"line":55,"column":29},"end":{"line":55,"column":95}},"type":"binary-expr","locations":[{"start":{"line":55,"column":29},"end":{"line":55,"column":42}},{"start":{"line":55,"column":46},"end":{"line":55,"column":95}}],"line":55},"4":{"loc":{"start":{"line":77,"column":6},"end":{"line":80,"column":7}},"type":"if","locations":[{"start":{"line":77,"column":6},"end":{"line":80,"column":7}},{"start":{},"end":{}}],"line":77},"5":{"loc":{"start":{"line":79,"column":24},"end":{"line":79,"column":67}},"type":"binary-expr","locations":[{"start":{"line":79,"column":24},"end":{"line":79,"column":41}},{"start":{"line":79,"column":45},"end":{"line":79,"column":67}}],"line":79},"6":{"loc":{"start":{"line":85,"column":29},"end":{"line":85,"column":91}},"type":"binary-expr","locations":[{"start":{"line":85,"column":29},"end":{"line":85,"column":42}},{"start":{"line":85,"column":46},"end":{"line":85,"column":91}}],"line":85},"7":{"loc":{"start":{"line":98,"column":6},"end":{"line":102,"column":7}},"type":"if","locations":[{"start":{"line":98,"column":6},"end":{"line":102,"column":7}},{"start":{},"end":{}}],"line":98},"8":{"loc":{"start":{"line":101,"column":24},"end":{"line":101,"column":69}},"type":"binary-expr","locations":[{"start":{"line":101,"column":24},"end":{"line":101,"column":41}},{"start":{"line":101,"column":45},"end":{"line":101,"column":69}}],"line":101},"9":{"loc":{"start":{"line":106,"column":29},"end":{"line":106,"column":95}},"type":"binary-expr","locations":[{"start":{"line":106,"column":29},"end":{"line":106,"column":42}},{"start":{"line":106,"column":46},"end":{"line":106,"column":95}}],"line":106},"10":{"loc":{"start":{"line":126,"column":8},"end":{"line":130,"column":9}},"type":"if","locations":[{"start":{"line":126,"column":8},"end":{"line":130,"column":9}},{"start":{"line":128,"column":15},"end":{"line":130,"column":9}}],"line":126},"11":{"loc":{"start":{"line":137,"column":22},"end":{"line":137,"column":71}},"type":"binary-expr","locations":[{"start":{"line":137,"column":22},"end":{"line":137,"column":42}},{"start":{"line":137,"column":46},"end":{"line":137,"column":71}}],"line":137},"12":{"loc":{"start":{"line":156,"column":8},"end":{"line":158,"column":9}},"type":"if","locations":[{"start":{"line":156,"column":8},"end":{"line":158,"column":9}},{"start":{},"end":{}}],"line":156}},"s":{"0":0,"1":0,"2":0,"3":0,"4":0,"5":0,"6":0,"7":0,"8":0,"9":0,"10":0,"11":0,"12":0,"13":0,"14":0,"15":0,"16":0,"17":0,"18":0,"19":0,"20":0,"21":0,"22":0,"23":0,"24":0,"25":0,"26":0,"27":0,"28":0,"29":0,"30":0,"31":0,"32":0,"33":0,"34":0,"35":0,"36":0,"37":0,"38":0,"39":0,"40":0,"41":0,"42":0,"43":0,"44":0,"45":0,"46":0,"47":0,"48":0,"49":0,"50":0,"51":0,"52":0,"53":0,"54":0,"55":0,"56":0,"57":0,"58":0,"59":0,"60":0,"61":0,"62":0,"63":0},"f":{"0":0,"1":0,"2":0,"3":0,"4":0,"5":0,"6":0,"7":0,"8":0,"9":0,"10":0,"11":0,"12":0,"13":0,"14":0,"15":0,"16":0,"17":0,"18":0},"b":{"0":[0,0],"1":[0,0],"2":[0,0],"3":[0,0],"4":[0,0],"5":[0,0],"6":[0,0],"7":[0,0],"8":[0,0],"9":[0,0],"10":[0,0],"11":[0,0],"12":[0,0]}}
,"D:\\Programming\\Programming-Tests\\desafio-agendaedu\\src\\redux\\observationsSlice.ts": {"path":"D:\\Programming\\Programming-Tests\\desafio-agendaedu\\src\\redux\\observationsSlice.ts","statementMap":{"0":{"start":{"line":24,"column":40},"end":{"line":30,"column":1}},"1":{"start":{"line":32,"column":33},"end":{"line":69,"column":1}},"2":{"start":{"line":45,"column":16},"end":{"line":45,"column":51}},"3":{"start":{"line":46,"column":4},"end":{"line":46,"column":51}},"4":{"start":{"line":47,"column":4},"end":{"line":47,"column":56}},"5":{"start":{"line":49,"column":4},"end":{"line":51,"column":5}},"6":{"start":{"line":50,"column":6},"end":{"line":50,"column":54}},"7":{"start":{"line":53,"column":4},"end":{"line":55,"column":5}},"8":{"start":{"line":54,"column":6},"end":{"line":54,"column":50}},"9":{"start":{"line":57,"column":4},"end":{"line":57,"column":50}},"10":{"start":{"line":58,"column":4},"end":{"line":58,"column":46}},"11":{"start":{"line":60,"column":21},"end":{"line":60,"column":48}},"12":{"start":{"line":62,"column":4},"end":{"line":64,"column":5}},"13":{"start":{"line":63,"column":6},"end":{"line":63,"column":78}},"14":{"start":{"line":65,"column":17},"end":{"line":65,"column":38}},"15":{"start":{"line":66,"column":20},"end":{"line":66,"column":37}},"16":{"start":{"line":67,"column":4},"end":{"line":67,"column":48}},"17":{"start":{"line":82,"column":33},"end":{"line":128,"column":1}},"18":{"start":{"line":97,"column":4},"end":{"line":126,"column":5}},"19":{"start":{"line":98,"column":23},"end":{"line":113,"column":8}},"20":{"start":{"line":115,"column":6},"end":{"line":118,"column":7}},"21":{"start":{"line":116,"column":26},"end":{"line":116,"column":47}},"22":{"start":{"line":117,"column":8},"end":{"line":117,"column":77}},"23":{"start":{"line":120,"column":29},"end":{"line":120,"column":50}},"24":{"start":{"line":121,"column":6},"end":{"line":121,"column":28}},"25":{"start":{"line":123,"column":6},"end":{"line":125,"column":8}},"26":{"start":{"line":142,"column":31},"end":{"line":190,"column":1}},"27":{"start":{"line":158,"column":4},"end":{"line":188,"column":5}},"28":{"start":{"line":159,"column":23},"end":{"line":175,"column":8}},"29":{"start":{"line":177,"column":6},"end":{"line":180,"column":7}},"30":{"start":{"line":178,"column":26},"end":{"line":178,"column":47}},"31":{"start":{"line":179,"column":8},"end":{"line":179,"column":75}},"32":{"start":{"line":182,"column":27},"end":{"line":182,"column":48}},"33":{"start":{"line":183,"column":6},"end":{"line":183,"column":26}},"34":{"start":{"line":185,"column":6},"end":{"line":187,"column":8}},"35":{"start":{"line":192,"column":33},"end":{"line":212,"column":1}},"36":{"start":{"line":195,"column":4},"end":{"line":210,"column":5}},"37":{"start":{"line":196,"column":23},"end":{"line":198,"column":8}},"38":{"start":{"line":200,"column":6},"end":{"line":203,"column":7}},"39":{"start":{"line":201,"column":26},"end":{"line":201,"column":47}},"40":{"start":{"line":202,"column":8},"end":{"line":202,"column":77}},"41":{"start":{"line":205,"column":6},"end":{"line":205,"column":16}},"42":{"start":{"line":207,"column":6},"end":{"line":209,"column":8}},"43":{"start":{"line":214,"column":26},"end":{"line":292,"column":2}},"44":{"start":{"line":219,"column":4},"end":{"line":290,"column":9}},"45":{"start":{"line":221,"column":8},"end":{"line":221,"column":33}},"46":{"start":{"line":224,"column":21},"end":{"line":224,"column":41}},"47":{"start":{"line":226,"column":8},"end":{"line":233,"column":9}},"48":{"start":{"line":227,"column":10},"end":{"line":227,"column":59}},"49":{"start":{"line":229,"column":10},"end":{"line":232,"column":12}},"50":{"start":{"line":235,"column":8},"end":{"line":235,"column":47}},"51":{"start":{"line":236,"column":8},"end":{"line":236,"column":35}},"52":{"start":{"line":239,"column":8},"end":{"line":239,"column":32}},"53":{"start":{"line":240,"column":8},"end":{"line":240,"column":77}},"54":{"start":{"line":243,"column":8},"end":{"line":243,"column":33}},"55":{"start":{"line":248,"column":10},"end":{"line":248,"column":37}},"56":{"start":{"line":249,"column":10},"end":{"line":249,"column":50}},"57":{"start":{"line":253,"column":8},"end":{"line":253,"column":32}},"58":{"start":{"line":254,"column":8},"end":{"line":254,"column":47}},"59":{"start":{"line":257,"column":8},"end":{"line":257,"column":33}},"60":{"start":{"line":262,"column":10},"end":{"line":262,"column":37}},"61":{"start":{"line":263,"column":24},"end":{"line":265,"column":11}},"62":{"start":{"line":264,"column":29},"end":{"line":264,"column":65}},"63":{"start":{"line":266,"column":10},"end":{"line":268,"column":11}},"64":{"start":{"line":267,"column":12},"end":{"line":267,"column":55}},"65":{"start":{"line":272,"column":8},"end":{"line":272,"column":32}},"66":{"start":{"line":273,"column":8},"end":{"line":273,"column":47}},"67":{"start":{"line":276,"column":8},"end":{"line":276,"column":33}},"68":{"start":{"line":281,"column":10},"end":{"line":281,"column":37}},"69":{"start":{"line":282,"column":10},"end":{"line":284,"column":12}},"70":{"start":{"line":283,"column":29},"end":{"line":283,"column":62}},"71":{"start":{"line":288,"column":8},"end":{"line":288,"column":32}},"72":{"start":{"line":289,"column":8},"end":{"line":289,"column":47}}},"fnMap":{"0":{"name":"(anonymous_0)","decl":{"start":{"line":34,"column":2},"end":{"line":34,"column":3}},"loc":{"start":{"line":44,"column":8},"end":{"line":68,"column":3}},"line":44},"1":{"name":"(anonymous_1)","decl":{"start":{"line":84,"column":2},"end":{"line":84,"column":3}},"loc":{"start":{"line":96,"column":7},"end":{"line":127,"column":3}},"line":96},"2":{"name":"(anonymous_2)","decl":{"start":{"line":144,"column":2},"end":{"line":144,"column":3}},"loc":{"start":{"line":157,"column":7},"end":{"line":189,"column":3}},"line":157},"3":{"name":"(anonymous_3)","decl":{"start":{"line":194,"column":2},"end":{"line":194,"column":3}},"loc":{"start":{"line":194,"column":45},"end":{"line":211,"column":3}},"line":194},"4":{"name":"(anonymous_4)","decl":{"start":{"line":218,"column":17},"end":{"line":218,"column":18}},"loc":{"start":{"line":218,"column":30},"end":{"line":291,"column":3}},"line":218},"5":{"name":"(anonymous_5)","decl":{"start":{"line":220,"column":42},"end":{"line":220,"column":43}},"loc":{"start":{"line":220,"column":53},"end":{"line":222,"column":7}},"line":220},"6":{"name":"(anonymous_6)","decl":{"start":{"line":223,"column":44},"end":{"line":223,"column":45}},"loc":{"start":{"line":223,"column":63},"end":{"line":237,"column":7}},"line":223},"7":{"name":"(anonymous_7)","decl":{"start":{"line":238,"column":43},"end":{"line":238,"column":44}},"loc":{"start":{"line":238,"column":62},"end":{"line":241,"column":7}},"line":238},"8":{"name":"(anonymous_8)","decl":{"start":{"line":242,"column":42},"end":{"line":242,"column":43}},"loc":{"start":{"line":242,"column":53},"end":{"line":244,"column":7}},"line":242},"9":{"name":"(anonymous_9)","decl":{"start":{"line":247,"column":8},"end":{"line":247,"column":9}},"loc":{"start":{"line":247,"column":55},"end":{"line":250,"column":9}},"line":247},"10":{"name":"(anonymous_10)","decl":{"start":{"line":252,"column":43},"end":{"line":252,"column":44}},"loc":{"start":{"line":252,"column":62},"end":{"line":255,"column":7}},"line":252},"11":{"name":"(anonymous_11)","decl":{"start":{"line":256,"column":40},"end":{"line":256,"column":41}},"loc":{"start":{"line":256,"column":51},"end":{"line":258,"column":7}},"line":256},"12":{"name":"(anonymous_12)","decl":{"start":{"line":261,"column":8},"end":{"line":261,"column":9}},"loc":{"start":{"line":261,"column":55},"end":{"line":269,"column":9}},"line":261},"13":{"name":"(anonymous_13)","decl":{"start":{"line":264,"column":12},"end":{"line":264,"column":13}},"loc":{"start":{"line":264,"column":29},"end":{"line":264,"column":65}},"line":264},"14":{"name":"(anonymous_14)","decl":{"start":{"line":271,"column":41},"end":{"line":271,"column":42}},"loc":{"start":{"line":271,"column":60},"end":{"line":274,"column":7}},"line":271},"15":{"name":"(anonymous_15)","decl":{"start":{"line":275,"column":42},"end":{"line":275,"column":43}},"loc":{"start":{"line":275,"column":53},"end":{"line":277,"column":7}},"line":275},"16":{"name":"(anonymous_16)","decl":{"start":{"line":280,"column":8},"end":{"line":280,"column":9}},"loc":{"start":{"line":280,"column":50},"end":{"line":285,"column":9}},"line":280},"17":{"name":"(anonymous_17)","decl":{"start":{"line":283,"column":12},"end":{"line":283,"column":13}},"loc":{"start":{"line":283,"column":29},"end":{"line":283,"column":62}},"line":283},"18":{"name":"(anonymous_18)","decl":{"start":{"line":287,"column":43},"end":{"line":287,"column":44}},"loc":{"start":{"line":287,"column":62},"end":{"line":290,"column":7}},"line":287}},"branchMap":{"0":{"loc":{"start":{"line":49,"column":4},"end":{"line":51,"column":5}},"type":"if","locations":[{"start":{"line":49,"column":4},"end":{"line":51,"column":5}},{"start":{},"end":{}}],"line":49},"1":{"loc":{"start":{"line":53,"column":4},"end":{"line":55,"column":5}},"type":"if","locations":[{"start":{"line":53,"column":4},"end":{"line":55,"column":5}},{"start":{},"end":{}}],"line":53},"2":{"loc":{"start":{"line":62,"column":4},"end":{"line":64,"column":5}},"type":"if","locations":[{"start":{"line":62,"column":4},"end":{"line":64,"column":5}},{"start":{},"end":{}}],"line":62},"3":{"loc":{"start":{"line":115,"column":6},"end":{"line":118,"column":7}},"type":"if","locations":[{"start":{"line":115,"column":6},"end":{"line":118,"column":7}},{"start":{},"end":{}}],"line":115},"4":{"loc":{"start":{"line":117,"column":24},"end":{"line":117,"column":75}},"type":"binary-expr","locations":[{"start":{"line":117,"column":24},"end":{"line":117,"column":41}},{"start":{"line":117,"column":45},"end":{"line":117,"column":75}}],"line":117},"5":{"loc":{"start":{"line":124,"column":8},"end":{"line":124,"column":80}},"type":"binary-expr","locations":[{"start":{"line":124,"column":8},"end":{"line":124,"column":21}},{"start":{"line":124,"column":25},"end":{"line":124,"column":80}}],"line":124},"6":{"loc":{"start":{"line":177,"column":6},"end":{"line":180,"column":7}},"type":"if","locations":[{"start":{"line":177,"column":6},"end":{"line":180,"column":7}},{"start":{},"end":{}}],"line":177},"7":{"loc":{"start":{"line":179,"column":24},"end":{"line":179,"column":73}},"type":"binary-expr","locations":[{"start":{"line":179,"column":24},"end":{"line":179,"column":41}},{"start":{"line":179,"column":45},"end":{"line":179,"column":73}}],"line":179},"8":{"loc":{"start":{"line":186,"column":8},"end":{"line":186,"column":76}},"type":"binary-expr","locations":[{"start":{"line":186,"column":8},"end":{"line":186,"column":21}},{"start":{"line":186,"column":25},"end":{"line":186,"column":76}}],"line":186},"9":{"loc":{"start":{"line":200,"column":6},"end":{"line":203,"column":7}},"type":"if","locations":[{"start":{"line":200,"column":6},"end":{"line":203,"column":7}},{"start":{},"end":{}}],"line":200},"10":{"loc":{"start":{"line":202,"column":24},"end":{"line":202,"column":75}},"type":"binary-expr","locations":[{"start":{"line":202,"column":24},"end":{"line":202,"column":41}},{"start":{"line":202,"column":45},"end":{"line":202,"column":75}}],"line":202},"11":{"loc":{"start":{"line":208,"column":8},"end":{"line":208,"column":80}},"type":"binary-expr","locations":[{"start":{"line":208,"column":8},"end":{"line":208,"column":21}},{"start":{"line":208,"column":25},"end":{"line":208,"column":80}}],"line":208},"12":{"loc":{"start":{"line":226,"column":8},"end":{"line":233,"column":9}},"type":"if","locations":[{"start":{"line":226,"column":8},"end":{"line":233,"column":9}},{"start":{"line":228,"column":15},"end":{"line":233,"column":9}}],"line":226},"13":{"loc":{"start":{"line":240,"column":22},"end":{"line":240,"column":76}},"type":"binary-expr","locations":[{"start":{"line":240,"column":22},"end":{"line":240,"column":42}},{"start":{"line":240,"column":46},"end":{"line":240,"column":76}}],"line":240},"14":{"loc":{"start":{"line":266,"column":10},"end":{"line":268,"column":11}},"type":"if","locations":[{"start":{"line":266,"column":10},"end":{"line":268,"column":11}},{"start":{},"end":{}}],"line":266}},"s":{"0":1,"1":1,"2":2,"3":2,"4":2,"5":2,"6":0,"7":2,"8":2,"9":2,"10":2,"11":2,"12":0,"13":0,"14":0,"15":0,"16":0,"17":1,"18":0,"19":0,"20":0,"21":0,"22":0,"23":0,"24":0,"25":0,"26":1,"27":0,"28":0,"29":0,"30":0,"31":0,"32":0,"33":0,"34":0,"35":1,"36":0,"37":0,"38":0,"39":0,"40":0,"41":0,"42":0,"43":1,"44":1,"45":2,"46":0,"47":0,"48":0,"49":0,"50":0,"51":0,"52":0,"53":0,"54":0,"55":0,"56":0,"57":0,"58":0,"59":0,"60":0,"61":0,"62":0,"63":0,"64":0,"65":0,"66":0,"67":0,"68":0,"69":0,"70":0,"71":0,"72":0},"f":{"0":2,"1":0,"2":0,"3":0,"4":1,"5":2,"6":0,"7":0,"8":0,"9":0,"10":0,"11":0,"12":0,"13":0,"14":0,"15":0,"16":0,"17":0,"18":0},"b":{"0":[0,2],"1":[2,0],"2":[0,0],"3":[0,0],"4":[0,0],"5":[0,0],"6":[0,0],"7":[0,0],"8":[0,0],"9":[0,0],"10":[0,0],"11":[0,0],"12":[0,0],"13":[0,0],"14":[0,0]},"_coverageSchema":"1a1c01bbd47fc00a2c39e90264f33305004495a9","hash":"b2b653c896a0c129ac81fb6f5f5db1fe031e48fb"}
,"D:\\Programming\\Programming-Tests\\desafio-agendaedu\\src\\redux\\root-reducer.ts": {"path":"D:\\Programming\\Programming-Tests\\desafio-agendaedu\\src\\redux\\root-reducer.ts","statementMap":{"0":{"start":{"line":6,"column":20},"end":{"line":10,"column":2}}},"fnMap":{},"branchMap":{},"s":{"0":0},"f":{},"b":{}}
,"D:\\Programming\\Programming-Tests\\desafio-agendaedu\\src\\redux\\store.ts": {"path":"D:\\Programming\\Programming-Tests\\desafio-agendaedu\\src\\redux\\store.ts","statementMap":{"0":{"start":{"line":4,"column":21},"end":{"line":6,"column":2}}},"fnMap":{},"branchMap":{},"s":{"0":0},"f":{},"b":{}}
,"D:\\Programming\\Programming-Tests\\desafio-agendaedu\\src\\redux\\studentsSlice.ts": {"path":"D:\\Programming\\Programming-Tests\\desafio-agendaedu\\src\\redux\\studentsSlice.ts","statementMap":{"0":{"start":{"line":18,"column":36},"end":{"line":24,"column":1}},"1":{"start":{"line":27,"column":29},"end":{"line":35,"column":2}},"2":{"start":{"line":28,"column":19},"end":{"line":28,"column":106}},"3":{"start":{"line":29,"column":2},"end":{"line":31,"column":3}},"4":{"start":{"line":30,"column":4},"end":{"line":30,"column":71}},"5":{"start":{"line":32,"column":15},"end":{"line":32,"column":36}},"6":{"start":{"line":33,"column":18},"end":{"line":33,"column":35}},"7":{"start":{"line":34,"column":2},"end":{"line":34,"column":41}},"8":{"start":{"line":43,"column":29},"end":{"line":66,"column":1}},"9":{"start":{"line":46,"column":4},"end":{"line":64,"column":5}},"10":{"start":{"line":47,"column":23},"end":{"line":53,"column":8}},"11":{"start":{"line":55,"column":6},"end":{"line":58,"column":7}},"12":{"start":{"line":56,"column":26},"end":{"line":56,"column":47}},"13":{"start":{"line":57,"column":8},"end":{"line":57,"column":72}},"14":{"start":{"line":60,"column":25},"end":{"line":60,"column":46}},"15":{"start":{"line":61,"column":6},"end":{"line":61,"column":23}},"16":{"start":{"line":63,"column":6},"end":{"line":63,"column":98}},"17":{"start":{"line":73,"column":27},"end":{"line":96,"column":1}},"18":{"start":{"line":76,"column":4},"end":{"line":94,"column":5}},"19":{"start":{"line":77,"column":23},"end":{"line":83,"column":8}},"20":{"start":{"line":85,"column":6},"end":{"line":88,"column":7}},"21":{"start":{"line":86,"column":26},"end":{"line":86,"column":47}},"22":{"start":{"line":87,"column":8},"end":{"line":87,"column":70}},"23":{"start":{"line":90,"column":27},"end":{"line":90,"column":48}},"24":{"start":{"line":91,"column":6},"end":{"line":91,"column":25}},"25":{"start":{"line":93,"column":6},"end":{"line":93,"column":94}},"26":{"start":{"line":98,"column":29},"end":{"line":116,"column":1}},"27":{"start":{"line":101,"column":4},"end":{"line":114,"column":5}},"28":{"start":{"line":102,"column":23},"end":{"line":104,"column":8}},"29":{"start":{"line":106,"column":6},"end":{"line":109,"column":7}},"30":{"start":{"line":107,"column":26},"end":{"line":107,"column":47}},"31":{"start":{"line":108,"column":8},"end":{"line":108,"column":72}},"32":{"start":{"line":111,"column":6},"end":{"line":111,"column":15}},"33":{"start":{"line":113,"column":6},"end":{"line":113,"column":98}},"34":{"start":{"line":118,"column":22},"end":{"line":182,"column":2}},"35":{"start":{"line":125,"column":4},"end":{"line":180,"column":8}},"36":{"start":{"line":127,"column":8},"end":{"line":127,"column":32}},"37":{"start":{"line":130,"column":21},"end":{"line":130,"column":41}},"38":{"start":{"line":132,"column":8},"end":{"line":136,"column":9}},"39":{"start":{"line":133,"column":10},"end":{"line":133,"column":50}},"40":{"start":{"line":135,"column":10},"end":{"line":135,"column":74}},"41":{"start":{"line":138,"column":8},"end":{"line":138,"column":46}},"42":{"start":{"line":139,"column":8},"end":{"line":139,"column":34}},"43":{"start":{"line":142,"column":8},"end":{"line":142,"column":31}},"44":{"start":{"line":143,"column":8},"end":{"line":143,"column":72}},"45":{"start":{"line":146,"column":8},"end":{"line":146,"column":32}},"46":{"start":{"line":149,"column":8},"end":{"line":149,"column":34}},"47":{"start":{"line":150,"column":8},"end":{"line":150,"column":43}},"48":{"start":{"line":153,"column":8},"end":{"line":153,"column":31}},"49":{"start":{"line":154,"column":8},"end":{"line":154,"column":46}},"50":{"start":{"line":157,"column":8},"end":{"line":157,"column":32}},"51":{"start":{"line":160,"column":8},"end":{"line":160,"column":34}},"52":{"start":{"line":161,"column":22},"end":{"line":161,"column":91}},"53":{"start":{"line":161,"column":58},"end":{"line":161,"column":90}},"54":{"start":{"line":162,"column":8},"end":{"line":164,"column":9}},"55":{"start":{"line":163,"column":10},"end":{"line":163,"column":48}},"56":{"start":{"line":167,"column":8},"end":{"line":167,"column":31}},"57":{"start":{"line":168,"column":8},"end":{"line":168,"column":46}},"58":{"start":{"line":171,"column":8},"end":{"line":171,"column":32}},"59":{"start":{"line":174,"column":8},"end":{"line":174,"column":34}},"60":{"start":{"line":175,"column":8},"end":{"line":175,"column":90}},"61":{"start":{"line":175,"column":60},"end":{"line":175,"column":89}},"62":{"start":{"line":178,"column":8},"end":{"line":178,"column":31}},"63":{"start":{"line":179,"column":8},"end":{"line":179,"column":46}}},"fnMap":{"0":{"name":"(anonymous_0)","decl":{"start":{"line":27,"column":72},"end":{"line":27,"column":73}},"loc":{"start":{"line":27,"column":156},"end":{"line":35,"column":1}},"line":27},"1":{"name":"(anonymous_1)","decl":{"start":{"line":45,"column":2},"end":{"line":45,"column":3}},"loc":{"start":{"line":45,"column":71},"end":{"line":65,"column":3}},"line":45},"2":{"name":"(anonymous_2)","decl":{"start":{"line":75,"column":2},"end":{"line":75,"column":3}},"loc":{"start":{"line":75,"column":67},"end":{"line":95,"column":3}},"line":75},"3":{"name":"(anonymous_3)","decl":{"start":{"line":100,"column":2},"end":{"line":100,"column":3}},"loc":{"start":{"line":100,"column":45},"end":{"line":115,"column":3}},"line":100},"4":{"name":"(anonymous_4)","decl":{"start":{"line":124,"column":17},"end":{"line":124,"column":18}},"loc":{"start":{"line":124,"column":30},"end":{"line":181,"column":3}},"line":124},"5":{"name":"(anonymous_5)","decl":{"start":{"line":126,"column":38},"end":{"line":126,"column":39}},"loc":{"start":{"line":126,"column":49},"end":{"line":128,"column":7}},"line":126},"6":{"name":"(anonymous_6)","decl":{"start":{"line":129,"column":40},"end":{"line":129,"column":41}},"loc":{"start":{"line":129,"column":59},"end":{"line":140,"column":7}},"line":129},"7":{"name":"(anonymous_7)","decl":{"start":{"line":141,"column":39},"end":{"line":141,"column":40}},"loc":{"start":{"line":141,"column":58},"end":{"line":144,"column":7}},"line":141},"8":{"name":"(anonymous_8)","decl":{"start":{"line":145,"column":38},"end":{"line":145,"column":39}},"loc":{"start":{"line":145,"column":49},"end":{"line":147,"column":7}},"line":145},"9":{"name":"(anonymous_9)","decl":{"start":{"line":148,"column":40},"end":{"line":148,"column":41}},"loc":{"start":{"line":148,"column":83},"end":{"line":151,"column":7}},"line":148},"10":{"name":"(anonymous_10)","decl":{"start":{"line":152,"column":39},"end":{"line":152,"column":40}},"loc":{"start":{"line":152,"column":58},"end":{"line":155,"column":7}},"line":152},"11":{"name":"(anonymous_11)","decl":{"start":{"line":156,"column":36},"end":{"line":156,"column":37}},"loc":{"start":{"line":156,"column":47},"end":{"line":158,"column":7}},"line":156},"12":{"name":"(anonymous_12)","decl":{"start":{"line":159,"column":38},"end":{"line":159,"column":39}},"loc":{"start":{"line":159,"column":81},"end":{"line":165,"column":7}},"line":159},"13":{"name":"(anonymous_13)","decl":{"start":{"line":161,"column":47},"end":{"line":161,"column":48}},"loc":{"start":{"line":161,"column":58},"end":{"line":161,"column":90}},"line":161},"14":{"name":"(anonymous_14)","decl":{"start":{"line":166,"column":37},"end":{"line":166,"column":38}},"loc":{"start":{"line":166,"column":56},"end":{"line":169,"column":7}},"line":166},"15":{"name":"(anonymous_15)","decl":{"start":{"line":170,"column":38},"end":{"line":170,"column":39}},"loc":{"start":{"line":170,"column":49},"end":{"line":172,"column":7}},"line":170},"16":{"name":"(anonymous_16)","decl":{"start":{"line":173,"column":40},"end":{"line":173,"column":41}},"loc":{"start":{"line":173,"column":82},"end":{"line":176,"column":7}},"line":173},"17":{"name":"(anonymous_17)","decl":{"start":{"line":175,"column":47},"end":{"line":175,"column":48}},"loc":{"start":{"line":175,"column":60},"end":{"line":175,"column":89}},"line":175},"18":{"name":"(anonymous_18)","decl":{"start":{"line":177,"column":39},"end":{"line":177,"column":40}},"loc":{"start":{"line":177,"column":58},"end":{"line":180,"column":7}},"line":177}},"branchMap":{"0":{"loc":{"start":{"line":29,"column":2},"end":{"line":31,"column":3}},"type":"if","locations":[{"start":{"line":29,"column":2},"end":{"line":31,"column":3}},{"start":{},"end":{}}],"line":29},"1":{"loc":{"start":{"line":55,"column":6},"end":{"line":58,"column":7}},"type":"if","locations":[{"start":{"line":55,"column":6},"end":{"line":58,"column":7}},{"start":{},"end":{}}],"line":55},"2":{"loc":{"start":{"line":57,"column":24},"end":{"line":57,"column":71}},"type":"binary-expr","locations":[{"start":{"line":57,"column":24},"end":{"line":57,"column":41}},{"start":{"line":57,"column":45},"end":{"line":57,"column":71}}],"line":57},"3":{"loc":{"start":{"line":63,"column":29},"end":{"line":63,"column":97}},"type":"binary-expr","locations":[{"start":{"line":63,"column":29},"end":{"line":63,"column":42}},{"start":{"line":63,"column":46},"end":{"line":63,"column":97}}],"line":63},"4":{"loc":{"start":{"line":85,"column":6},"end":{"line":88,"column":7}},"type":"if","locations":[{"start":{"line":85,"column":6},"end":{"line":88,"column":7}},{"start":{},"end":{}}],"line":85},"5":{"loc":{"start":{"line":87,"column":24},"end":{"line":87,"column":69}},"type":"binary-expr","locations":[{"start":{"line":87,"column":24},"end":{"line":87,"column":41}},{"start":{"line":87,"column":45},"end":{"line":87,"column":69}}],"line":87},"6":{"loc":{"start":{"line":93,"column":29},"end":{"line":93,"column":93}},"type":"binary-expr","locations":[{"start":{"line":93,"column":29},"end":{"line":93,"column":42}},{"start":{"line":93,"column":46},"end":{"line":93,"column":93}}],"line":93},"7":{"loc":{"start":{"line":106,"column":6},"end":{"line":109,"column":7}},"type":"if","locations":[{"start":{"line":106,"column":6},"end":{"line":109,"column":7}},{"start":{},"end":{}}],"line":106},"8":{"loc":{"start":{"line":108,"column":24},"end":{"line":108,"column":71}},"type":"binary-expr","locations":[{"start":{"line":108,"column":24},"end":{"line":108,"column":41}},{"start":{"line":108,"column":45},"end":{"line":108,"column":71}}],"line":108},"9":{"loc":{"start":{"line":113,"column":29},"end":{"line":113,"column":97}},"type":"binary-expr","locations":[{"start":{"line":113,"column":29},"end":{"line":113,"column":42}},{"start":{"line":113,"column":46},"end":{"line":113,"column":97}}],"line":113},"10":{"loc":{"start":{"line":132,"column":8},"end":{"line":136,"column":9}},"type":"if","locations":[{"start":{"line":132,"column":8},"end":{"line":136,"column":9}},{"start":{"line":134,"column":15},"end":{"line":136,"column":9}}],"line":132},"11":{"loc":{"start":{"line":143,"column":22},"end":{"line":143,"column":72}},"type":"binary-expr","locations":[{"start":{"line":143,"column":22},"end":{"line":143,"column":42}},{"start":{"line":143,"column":46},"end":{"line":143,"column":72}}],"line":143},"12":{"loc":{"start":{"line":162,"column":8},"end":{"line":164,"column":9}},"type":"if","locations":[{"start":{"line":162,"column":8},"end":{"line":164,"column":9}},{"start":{},"end":{}}],"line":162}},"s":{"0":0,"1":0,"2":0,"3":0,"4":0,"5":0,"6":0,"7":0,"8":0,"9":0,"10":0,"11":0,"12":0,"13":0,"14":0,"15":0,"16":0,"17":0,"18":0,"19":0,"20":0,"21":0,"22":0,"23":0,"24":0,"25":0,"26":0,"27":0,"28":0,"29":0,"30":0,"31":0,"32":0,"33":0,"34":0,"35":0,"36":0,"37":0,"38":0,"39":0,"40":0,"41":0,"42":0,"43":0,"44":0,"45":0,"46":0,"47":0,"48":0,"49":0,"50":0,"51":0,"52":0,"53":0,"54":0,"55":0,"56":0,"57":0,"58":0,"59":0,"60":0,"61":0,"62":0,"63":0},"f":{"0":0,"1":0,"2":0,"3":0,"4":0,"5":0,"6":0,"7":0,"8":0,"9":0,"10":0,"11":0,"12":0,"13":0,"14":0,"15":0,"16":0,"17":0,"18":0},"b":{"0":[0,0],"1":[0,0],"2":[0,0],"3":[0,0],"4":[0,0],"5":[0,0],"6":[0,0],"7":[0,0],"8":[0,0],"9":[0,0],"10":[0,0],"11":[0,0],"12":[0,0]}}
,"D:\\Programming\\Programming-Tests\\desafio-agendaedu\\src\\screens\\ClassesScreen.tsx": {"path":"D:\\Programming\\Programming-Tests\\desafio-agendaedu\\src\\screens\\ClassesScreen.tsx","statementMap":{"0":{"start":{"line":33,"column":29},"end":{"line":33,"column":30}},"1":{"start":{"line":41,"column":23},"end":{"line":41,"column":38}},"2":{"start":{"line":42,"column":32},"end":{"line":42,"column":45}},"3":{"start":{"line":43,"column":37},"end":{"line":45,"column":3}},"4":{"start":{"line":44,"column":26},"end":{"line":44,"column":39}},"5":{"start":{"line":47,"column":38},"end":{"line":50,"column":4}},"6":{"start":{"line":52,"column":26},"end":{"line":52,"column":37}},"7":{"start":{"line":53,"column":46},"end":{"line":53,"column":61}},"8":{"start":{"line":54,"column":32},"end":{"line":54,"column":46}},"9":{"start":{"line":56,"column":48},"end":{"line":56,"column":77}},"10":{"start":{"line":57,"column":58},"end":{"line":57,"column":73}},"11":{"start":{"line":58,"column":46},"end":{"line":58,"column":58}},"12":{"start":{"line":60,"column":2},"end":{"line":78,"column":15}},"13":{"start":{"line":61,"column":26},"end":{"line":75,"column":5}},"14":{"start":{"line":62,"column":6},"end":{"line":62,"column":37}},"15":{"start":{"line":62,"column":31},"end":{"line":62,"column":37}},"16":{"start":{"line":64,"column":26},"end":{"line":64,"column":69}},"17":{"start":{"line":65,"column":6},"end":{"line":74,"column":7}},"18":{"start":{"line":66,"column":8},"end":{"line":72,"column":10}},"19":{"start":{"line":73,"column":8},"end":{"line":73,"column":59}},"20":{"start":{"line":77,"column":4},"end":{"line":77,"column":19}},"21":{"start":{"line":80,"column":2},"end":{"line":90,"column":6}},"22":{"start":{"line":81,"column":25},"end":{"line":87,"column":5}},"23":{"start":{"line":82,"column":21},"end":{"line":82,"column":91}},"24":{"start":{"line":83,"column":6},"end":{"line":86,"column":7}},"25":{"start":{"line":84,"column":8},"end":{"line":84,"column":42}},"26":{"start":{"line":85,"column":8},"end":{"line":85,"column":18}},"27":{"start":{"line":89,"column":4},"end":{"line":89,"column":18}},"28":{"start":{"line":92,"column":2},"end":{"line":101,"column":21}},"29":{"start":{"line":93,"column":4},"end":{"line":100,"column":5}},"30":{"start":{"line":94,"column":6},"end":{"line":99,"column":8}},"31":{"start":{"line":103,"column":26},"end":{"line":117,"column":3}},"32":{"start":{"line":104,"column":4},"end":{"line":104,"column":42}},"33":{"start":{"line":104,"column":36},"end":{"line":104,"column":42}},"34":{"start":{"line":106,"column":4},"end":{"line":106,"column":27}},"35":{"start":{"line":107,"column":21},"end":{"line":107,"column":29}},"36":{"start":{"line":109,"column":19},"end":{"line":109,"column":95}},"37":{"start":{"line":110,"column":4},"end":{"line":114,"column":5}},"38":{"start":{"line":111,"column":6},"end":{"line":111,"column":23}},"39":{"start":{"line":112,"column":26},"end":{"line":112,"column":40}},"40":{"start":{"line":113,"column":6},"end":{"line":113,"column":25}},"41":{"start":{"line":116,"column":4},"end":{"line":116,"column":28}},"42":{"start":{"line":119,"column":37},"end":{"line":125,"column":3}},"43":{"start":{"line":120,"column":4},"end":{"line":124,"column":7}},"44":{"start":{"line":120,"column":30},"end":{"line":124,"column":5}},"45":{"start":{"line":127,"column":28},"end":{"line":158,"column":3}},"46":{"start":{"line":128,"column":4},"end":{"line":136,"column":5}},"47":{"start":{"line":129,"column":6},"end":{"line":134,"column":8}},"48":{"start":{"line":135,"column":6},"end":{"line":135,"column":12}},"49":{"start":{"line":138,"column":25},"end":{"line":138,"column":63}},"50":{"start":{"line":140,"column":4},"end":{"line":157,"column":5}},"51":{"start":{"line":141,"column":6},"end":{"line":141,"column":27}},"52":{"start":{"line":142,"column":6},"end":{"line":142,"column":34}},"53":{"start":{"line":143,"column":6},"end":{"line":148,"column":8}},"54":{"start":{"line":149,"column":11},"end":{"line":157,"column":5}},"55":{"start":{"line":150,"column":6},"end":{"line":156,"column":8}},"56":{"start":{"line":160,"column":26},"end":{"line":194,"column":3}},"57":{"start":{"line":161,"column":4},"end":{"line":169,"column":5}},"58":{"start":{"line":162,"column":6},"end":{"line":167,"column":8}},"59":{"start":{"line":168,"column":6},"end":{"line":168,"column":12}},"60":{"start":{"line":171,"column":25},"end":{"line":173,"column":5}},"61":{"start":{"line":175,"column":4},"end":{"line":193,"column":5}},"62":{"start":{"line":176,"column":6},"end":{"line":176,"column":27}},"63":{"start":{"line":177,"column":6},"end":{"line":177,"column":34}},"64":{"start":{"line":178,"column":6},"end":{"line":183,"column":8}},"65":{"start":{"line":185,"column":11},"end":{"line":193,"column":5}},"66":{"start":{"line":186,"column":6},"end":{"line":192,"column":8}},"67":{"start":{"line":196,"column":28},"end":{"line":219,"column":3}},"68":{"start":{"line":197,"column":25},"end":{"line":197,"column":70}},"69":{"start":{"line":199,"column":4},"end":{"line":218,"column":5}},"70":{"start":{"line":200,"column":6},"end":{"line":200,"column":27}},"71":{"start":{"line":201,"column":6},"end":{"line":201,"column":36}},"72":{"start":{"line":203,"column":6},"end":{"line":208,"column":8}},"73":{"start":{"line":210,"column":11},"end":{"line":218,"column":5}},"74":{"start":{"line":211,"column":6},"end":{"line":217,"column":8}},"75":{"start":{"line":221,"column":24},"end":{"line":227,"column":3}},"76":{"start":{"line":222,"column":4},"end":{"line":222,"column":31}},"77":{"start":{"line":223,"column":4},"end":{"line":225,"column":5}},"78":{"start":{"line":224,"column":34},"end":{"line":224,"column":58}},"79":{"start":{"line":226,"column":4},"end":{"line":226,"column":75}},"80":{"start":{"line":226,"column":30},"end":{"line":226,"column":73}},"81":{"start":{"line":229,"column":26},"end":{"line":232,"column":3}},"82":{"start":{"line":230,"column":4},"end":{"line":230,"column":31}},"83":{"start":{"line":231,"column":4},"end":{"line":231,"column":33}},"84":{"start":{"line":234,"column":2},"end":{"line":330,"column":3}},"85":{"start":{"line":254,"column":34},"end":{"line":254,"column":41}},"86":{"start":{"line":256,"column":12},"end":{"line":262,"column":14}},"87":{"start":{"line":261,"column":29},"end":{"line":261,"column":88}},"88":{"start":{"line":265,"column":12},"end":{"line":279,"column":20}},"89":{"start":{"line":325,"column":23},"end":{"line":325,"column":53}}},"fnMap":{"0":{"name":"ClassesScreen","decl":{"start":{"line":40,"column":24},"end":{"line":40,"column":37}},"loc":{"start":{"line":40,"column":40},"end":{"line":331,"column":1}},"line":40},"1":{"name":"(anonymous_1)","decl":{"start":{"line":44,"column":4},"end":{"line":44,"column":5}},"loc":{"start":{"line":44,"column":26},"end":{"line":44,"column":39}},"line":44},"2":{"name":"(anonymous_2)","decl":{"start":{"line":60,"column":12},"end":{"line":60,"column":13}},"loc":{"start":{"line":60,"column":18},"end":{"line":78,"column":3}},"line":60},"3":{"name":"(anonymous_3)","decl":{"start":{"line":61,"column":26},"end":{"line":61,"column":27}},"loc":{"start":{"line":61,"column":38},"end":{"line":75,"column":5}},"line":61},"4":{"name":"(anonymous_4)","decl":{"start":{"line":80,"column":12},"end":{"line":80,"column":13}},"loc":{"start":{"line":80,"column":18},"end":{"line":90,"column":1}},"line":80},"5":{"name":"(anonymous_5)","decl":{"start":{"line":81,"column":25},"end":{"line":81,"column":26}},"loc":{"start":{"line":81,"column":37},"end":{"line":87,"column":5}},"line":81},"6":{"name":"(anonymous_6)","decl":{"start":{"line":92,"column":12},"end":{"line":92,"column":13}},"loc":{"start":{"line":92,"column":18},"end":{"line":101,"column":3}},"line":92},"7":{"name":"(anonymous_7)","decl":{"start":{"line":103,"column":26},"end":{"line":103,"column":27}},"loc":{"start":{"line":103,"column":38},"end":{"line":117,"column":3}},"line":103},"8":{"name":"(anonymous_8)","decl":{"start":{"line":119,"column":37},"end":{"line":119,"column":38}},"loc":{"start":{"line":119,"column":43},"end":{"line":125,"column":3}},"line":119},"9":{"name":"(anonymous_9)","decl":{"start":{"line":120,"column":18},"end":{"line":120,"column":19}},"loc":{"start":{"line":120,"column":30},"end":{"line":124,"column":5}},"line":120},"10":{"name":"(anonymous_10)","decl":{"start":{"line":127,"column":28},"end":{"line":127,"column":29}},"loc":{"start":{"line":127,"column":57},"end":{"line":158,"column":3}},"line":127},"11":{"name":"(anonymous_11)","decl":{"start":{"line":160,"column":26},"end":{"line":160,"column":27}},"loc":{"start":{"line":160,"column":55},"end":{"line":194,"column":3}},"line":160},"12":{"name":"(anonymous_12)","decl":{"start":{"line":196,"column":28},"end":{"line":196,"column":29}},"loc":{"start":{"line":196,"column":40},"end":{"line":219,"column":3}},"line":196},"13":{"name":"(anonymous_13)","decl":{"start":{"line":221,"column":24},"end":{"line":221,"column":25}},"loc":{"start":{"line":221,"column":45},"end":{"line":227,"column":3}},"line":221},"14":{"name":"(anonymous_14)","decl":{"start":{"line":224,"column":19},"end":{"line":224,"column":20}},"loc":{"start":{"line":224,"column":34},"end":{"line":224,"column":58}},"line":224},"15":{"name":"(anonymous_15)","decl":{"start":{"line":226,"column":18},"end":{"line":226,"column":19}},"loc":{"start":{"line":226,"column":30},"end":{"line":226,"column":73}},"line":226},"16":{"name":"(anonymous_16)","decl":{"start":{"line":229,"column":26},"end":{"line":229,"column":27}},"loc":{"start":{"line":229,"column":47},"end":{"line":232,"column":3}},"line":229},"17":{"name":"(anonymous_17)","decl":{"start":{"line":254,"column":24},"end":{"line":254,"column":25}},"loc":{"start":{"line":254,"column":34},"end":{"line":254,"column":41}},"line":254},"18":{"name":"(anonymous_18)","decl":{"start":{"line":255,"column":22},"end":{"line":255,"column":23}},"loc":{"start":{"line":256,"column":12},"end":{"line":262,"column":14}},"line":256},"19":{"name":"(anonymous_19)","decl":{"start":{"line":261,"column":23},"end":{"line":261,"column":24}},"loc":{"start":{"line":261,"column":29},"end":{"line":261,"column":88}},"line":261},"20":{"name":"(anonymous_20)","decl":{"start":{"line":264,"column":31},"end":{"line":264,"column":32}},"loc":{"start":{"line":265,"column":12},"end":{"line":279,"column":20}},"line":265},"21":{"name":"(anonymous_21)","decl":{"start":{"line":325,"column":17},"end":{"line":325,"column":18}},"loc":{"start":{"line":325,"column":23},"end":{"line":325,"column":53}},"line":325}},"branchMap":{"0":{"loc":{"start":{"line":62,"column":6},"end":{"line":62,"column":37}},"type":"if","locations":[{"start":{"line":62,"column":6},"end":{"line":62,"column":37}},{"start":{},"end":{}}],"line":62},"1":{"loc":{"start":{"line":65,"column":6},"end":{"line":74,"column":7}},"type":"if","locations":[{"start":{"line":65,"column":6},"end":{"line":74,"column":7}},{"start":{},"end":{}}],"line":65},"2":{"loc":{"start":{"line":83,"column":6},"end":{"line":86,"column":7}},"type":"if","locations":[{"start":{"line":83,"column":6},"end":{"line":86,"column":7}},{"start":{},"end":{}}],"line":83},"3":{"loc":{"start":{"line":93,"column":4},"end":{"line":100,"column":5}},"type":"if","locations":[{"start":{"line":93,"column":4},"end":{"line":100,"column":5}},{"start":{},"end":{}}],"line":93},"4":{"loc":{"start":{"line":93,"column":8},"end":{"line":93,"column":36}},"type":"binary-expr","locations":[{"start":{"line":93,"column":8},"end":{"line":93,"column":27}},{"start":{"line":93,"column":31},"end":{"line":93,"column":36}}],"line":93},"5":{"loc":{"start":{"line":104,"column":4},"end":{"line":104,"column":42}},"type":"if","locations":[{"start":{"line":104,"column":4},"end":{"line":104,"column":42}},{"start":{},"end":{}}],"line":104},"6":{"loc":{"start":{"line":104,"column":8},"end":{"line":104,"column":34}},"type":"binary-expr","locations":[{"start":{"line":104,"column":8},"end":{"line":104,"column":22}},{"start":{"line":104,"column":26},"end":{"line":104,"column":34}}],"line":104},"7":{"loc":{"start":{"line":110,"column":4},"end":{"line":114,"column":5}},"type":"if","locations":[{"start":{"line":110,"column":4},"end":{"line":114,"column":5}},{"start":{},"end":{}}],"line":110},"8":{"loc":{"start":{"line":128,"column":4},"end":{"line":136,"column":5}},"type":"if","locations":[{"start":{"line":128,"column":4},"end":{"line":136,"column":5}},{"start":{},"end":{}}],"line":128},"9":{"loc":{"start":{"line":140,"column":4},"end":{"line":157,"column":5}},"type":"if","locations":[{"start":{"line":140,"column":4},"end":{"line":157,"column":5}},{"start":{"line":149,"column":11},"end":{"line":157,"column":5}}],"line":140},"10":{"loc":{"start":{"line":149,"column":11},"end":{"line":157,"column":5}},"type":"if","locations":[{"start":{"line":149,"column":11},"end":{"line":157,"column":5}},{"start":{},"end":{}}],"line":149},"11":{"loc":{"start":{"line":161,"column":4},"end":{"line":169,"column":5}},"type":"if","locations":[{"start":{"line":161,"column":4},"end":{"line":169,"column":5}},{"start":{},"end":{}}],"line":161},"12":{"loc":{"start":{"line":175,"column":4},"end":{"line":193,"column":5}},"type":"if","locations":[{"start":{"line":175,"column":4},"end":{"line":193,"column":5}},{"start":{"line":185,"column":11},"end":{"line":193,"column":5}}],"line":175},"13":{"loc":{"start":{"line":185,"column":11},"end":{"line":193,"column":5}},"type":"if","locations":[{"start":{"line":185,"column":11},"end":{"line":193,"column":5}},{"start":{},"end":{}}],"line":185},"14":{"loc":{"start":{"line":199,"column":4},"end":{"line":218,"column":5}},"type":"if","locations":[{"start":{"line":199,"column":4},"end":{"line":218,"column":5}},{"start":{"line":210,"column":11},"end":{"line":218,"column":5}}],"line":199},"15":{"loc":{"start":{"line":210,"column":11},"end":{"line":218,"column":5}},"type":"if","locations":[{"start":{"line":210,"column":11},"end":{"line":218,"column":5}},{"start":{},"end":{}}],"line":210},"16":{"loc":{"start":{"line":238,"column":10},"end":{"line":238,"column":78}},"type":"cond-expr","locations":[{"start":{"line":238,"column":55},"end":{"line":238,"column":66}},{"start":{"line":238,"column":69},"end":{"line":238,"column":78}}],"line":238},"17":{"loc":{"start":{"line":238,"column":10},"end":{"line":238,"column":52}},"type":"binary-expr","locations":[{"start":{"line":238,"column":10},"end":{"line":238,"column":28}},{"start":{"line":238,"column":32},"end":{"line":238,"column":52}}],"line":238},"18":{"loc":{"start":{"line":243,"column":7},"end":{"line":290,"column":7}},"type":"cond-expr","locations":[{"start":{"line":244,"column":8},"end":{"line":249,"column":15}},{"start":{"line":250,"column":10},"end":{"line":290,"column":7}}],"line":243},"19":{"loc":{"start":{"line":250,"column":10},"end":{"line":290,"column":7}},"type":"cond-expr","locations":[{"start":{"line":251,"column":8},"end":{"line":281,"column":10}},{"start":{"line":283,"column":8},"end":{"line":289,"column":15}}],"line":250},"20":{"loc":{"start":{"line":265,"column":12},"end":{"line":279,"column":20}},"type":"cond-expr","locations":[{"start":{"line":266,"column":14},"end":{"line":278,"column":21}},{"start":{"line":279,"column":16},"end":{"line":279,"column":20}}],"line":265},"21":{"loc":{"start":{"line":272,"column":19},"end":{"line":276,"column":19}},"type":"cond-expr","locations":[{"start":{"line":273,"column":20},"end":{"line":273,"column":67}},{"start":{"line":275,"column":20},"end":{"line":275,"column":95}}],"line":272},"22":{"loc":{"start":{"line":299,"column":11},"end":{"line":305,"column":11}},"type":"cond-expr","locations":[{"start":{"line":300,"column":12},"end":{"line":300,"column":49}},{"start":{"line":302,"column":12},"end":{"line":304,"column":19}}],"line":299},"23":{"loc":{"start":{"line":299,"column":11},"end":{"line":299,"column":53}},"type":"binary-expr","locations":[{"start":{"line":299,"column":11},"end":{"line":299,"column":31}},{"start":{"line":299,"column":35},"end":{"line":299,"column":53}}],"line":299},"24":{"loc":{"start":{"line":313,"column":10},"end":{"line":313,"column":77}},"type":"cond-expr","locations":[{"start":{"line":313,"column":42},"end":{"line":313,"column":59}},{"start":{"line":313,"column":62},"end":{"line":313,"column":77}}],"line":313},"25":{"loc":{"start":{"line":318,"column":10},"end":{"line":318,"column":72}},"type":"cond-expr","locations":[{"start":{"line":318,"column":42},"end":{"line":318,"column":55}},{"start":{"line":318,"column":58},"end":{"line":318,"column":72}}],"line":318}},"s":{"0":0,"1":0,"2":0,"3":0,"4":0,"5":0,"6":0,"7":0,"8":0,"9":0,"10":0,"11":0,"12":0,"13":0,"14":0,"15":0,"16":0,"17":0,"18":0,"19":0,"20":0,"21":0,"22":0,"23":0,"24":0,"25":0,"26":0,"27":0,"28":0,"29":0,"30":0,"31":0,"32":0,"33":0,"34":0,"35":0,"36":0,"37":0,"38":0,"39":0,"40":0,"41":0,"42":0,"43":0,"44":0,"45":0,"46":0,"47":0,"48":0,"49":0,"50":0,"51":0,"52":0,"53":0,"54":0,"55":0,"56":0,"57":0,"58":0,"59":0,"60":0,"61":0,"62":0,"63":0,"64":0,"65":0,"66":0,"67":0,"68":0,"69":0,"70":0,"71":0,"72":0,"73":0,"74":0,"75":0,"76":0,"77":0,"78":0,"79":0,"80":0,"81":0,"82":0,"83":0,"84":0,"85":0,"86":0,"87":0,"88":0,"89":0},"f":{"0":0,"1":0,"2":0,"3":0,"4":0,"5":0,"6":0,"7":0,"8":0,"9":0,"10":0,"11":0,"12":0,"13":0,"14":0,"15":0,"16":0,"17":0,"18":0,"19":0,"20":0,"21":0},"b":{"0":[0,0],"1":[0,0],"2":[0,0],"3":[0,0],"4":[0,0],"5":[0,0],"6":[0,0],"7":[0,0],"8":[0,0],"9":[0,0],"10":[0,0],"11":[0,0],"12":[0,0],"13":[0,0],"14":[0,0],"15":[0,0],"16":[0,0],"17":[0,0],"18":[0,0],"19":[0,0],"20":[0,0],"21":[0,0],"22":[0,0],"23":[0,0],"24":[0,0],"25":[0,0]}}
,"D:\\Programming\\Programming-Tests\\desafio-agendaedu\\src\\screens\\FavoritesScreen.tsx": {"path":"D:\\Programming\\Programming-Tests\\desafio-agendaedu\\src\\screens\\FavoritesScreen.tsx","statementMap":{"0":{"start":{"line":25,"column":36},"end":{"line":25,"column":37}},"1":{"start":{"line":28,"column":23},"end":{"line":28,"column":38}},"2":{"start":{"line":30,"column":32},"end":{"line":30,"column":45}},"3":{"start":{"line":31,"column":42},"end":{"line":33,"column":3}},"4":{"start":{"line":32,"column":26},"end":{"line":32,"column":44}},"5":{"start":{"line":35,"column":26},"end":{"line":35,"column":37}},"6":{"start":{"line":36,"column":46},"end":{"line":36,"column":61}},"7":{"start":{"line":37,"column":32},"end":{"line":37,"column":46}},"8":{"start":{"line":39,"column":2},"end":{"line":55,"column":9}},"9":{"start":{"line":40,"column":25},"end":{"line":52,"column":5}},"10":{"start":{"line":41,"column":21},"end":{"line":47,"column":7}},"11":{"start":{"line":48,"column":6},"end":{"line":51,"column":7}},"12":{"start":{"line":49,"column":8},"end":{"line":49,"column":43}},"13":{"start":{"line":50,"column":8},"end":{"line":50,"column":19}},"14":{"start":{"line":54,"column":4},"end":{"line":54,"column":19}},"15":{"start":{"line":57,"column":2},"end":{"line":66,"column":22}},"16":{"start":{"line":58,"column":4},"end":{"line":65,"column":5}},"17":{"start":{"line":59,"column":6},"end":{"line":64,"column":9}},"18":{"start":{"line":68,"column":31},"end":{"line":88,"column":3}},"19":{"start":{"line":69,"column":4},"end":{"line":69,"column":43}},"20":{"start":{"line":69,"column":36},"end":{"line":69,"column":43}},"21":{"start":{"line":71,"column":4},"end":{"line":71,"column":28}},"22":{"start":{"line":72,"column":21},"end":{"line":72,"column":29}},"23":{"start":{"line":74,"column":19},"end":{"line":80,"column":5}},"24":{"start":{"line":81,"column":4},"end":{"line":85,"column":5}},"25":{"start":{"line":82,"column":6},"end":{"line":82,"column":24}},"26":{"start":{"line":83,"column":26},"end":{"line":83,"column":40}},"27":{"start":{"line":84,"column":6},"end":{"line":84,"column":26}},"28":{"start":{"line":87,"column":4},"end":{"line":87,"column":29}},"29":{"start":{"line":91,"column":2},"end":{"line":166,"column":4}},"30":{"start":{"line":108,"column":34},"end":{"line":108,"column":41}},"31":{"start":{"line":111,"column":12},"end":{"line":134,"column":14}},"32":{"start":{"line":120,"column":16},"end":{"line":123,"column":18}},"33":{"start":{"line":126,"column":16},"end":{"line":131,"column":18}},"34":{"start":{"line":137,"column":12},"end":{"line":153,"column":20}}},"fnMap":{"0":{"name":"FavoritesScreen","decl":{"start":{"line":27,"column":24},"end":{"line":27,"column":39}},"loc":{"start":{"line":27,"column":42},"end":{"line":167,"column":1}},"line":27},"1":{"name":"(anonymous_1)","decl":{"start":{"line":32,"column":4},"end":{"line":32,"column":5}},"loc":{"start":{"line":32,"column":26},"end":{"line":32,"column":44}},"line":32},"2":{"name":"(anonymous_2)","decl":{"start":{"line":39,"column":12},"end":{"line":39,"column":13}},"loc":{"start":{"line":39,"column":18},"end":{"line":55,"column":3}},"line":39},"3":{"name":"(anonymous_3)","decl":{"start":{"line":40,"column":25},"end":{"line":40,"column":26}},"loc":{"start":{"line":40,"column":37},"end":{"line":52,"column":5}},"line":40},"4":{"name":"(anonymous_4)","decl":{"start":{"line":57,"column":12},"end":{"line":57,"column":13}},"loc":{"start":{"line":57,"column":18},"end":{"line":66,"column":3}},"line":57},"5":{"name":"(anonymous_5)","decl":{"start":{"line":68,"column":31},"end":{"line":68,"column":32}},"loc":{"start":{"line":68,"column":43},"end":{"line":88,"column":3}},"line":68},"6":{"name":"(anonymous_6)","decl":{"start":{"line":108,"column":24},"end":{"line":108,"column":25}},"loc":{"start":{"line":108,"column":34},"end":{"line":108,"column":41}},"line":108},"7":{"name":"(anonymous_7)","decl":{"start":{"line":110,"column":22},"end":{"line":110,"column":23}},"loc":{"start":{"line":111,"column":12},"end":{"line":134,"column":14}},"line":111},"8":{"name":"(anonymous_8)","decl":{"start":{"line":119,"column":28},"end":{"line":119,"column":29}},"loc":{"start":{"line":120,"column":16},"end":{"line":123,"column":18}},"line":120},"9":{"name":"(anonymous_9)","decl":{"start":{"line":125,"column":30},"end":{"line":125,"column":31}},"loc":{"start":{"line":126,"column":16},"end":{"line":131,"column":18}},"line":126},"10":{"name":"(anonymous_10)","decl":{"start":{"line":136,"column":31},"end":{"line":136,"column":32}},"loc":{"start":{"line":137,"column":12},"end":{"line":153,"column":20}},"line":137}},"branchMap":{"0":{"loc":{"start":{"line":48,"column":6},"end":{"line":51,"column":7}},"type":"if","locations":[{"start":{"line":48,"column":6},"end":{"line":51,"column":7}},{"start":{},"end":{}}],"line":48},"1":{"loc":{"start":{"line":58,"column":4},"end":{"line":65,"column":5}},"type":"if","locations":[{"start":{"line":58,"column":4},"end":{"line":65,"column":5}},{"start":{},"end":{}}],"line":58},"2":{"loc":{"start":{"line":58,"column":8},"end":{"line":58,"column":36}},"type":"binary-expr","locations":[{"start":{"line":58,"column":8},"end":{"line":58,"column":27}},{"start":{"line":58,"column":31},"end":{"line":58,"column":36}}],"line":58},"3":{"loc":{"start":{"line":69,"column":4},"end":{"line":69,"column":43}},"type":"if","locations":[{"start":{"line":69,"column":4},"end":{"line":69,"column":43}},{"start":{},"end":{}}],"line":69},"4":{"loc":{"start":{"line":69,"column":8},"end":{"line":69,"column":34}},"type":"binary-expr","locations":[{"start":{"line":69,"column":8},"end":{"line":69,"column":22}},{"start":{"line":69,"column":26},"end":{"line":69,"column":34}}],"line":69},"5":{"loc":{"start":{"line":81,"column":4},"end":{"line":85,"column":5}},"type":"if","locations":[{"start":{"line":81,"column":4},"end":{"line":85,"column":5}},{"start":{},"end":{}}],"line":81},"6":{"loc":{"start":{"line":98,"column":7},"end":{"line":164,"column":7
[...]
:{"line":321,"column":12},"end":{"line":337,"column":20}},"type":"cond-expr","locations":[{"start":{"line":322,"column":14},"end":{"line":336,"column":21}},{"start":{"line":337,"column":16},"end":{"line":337,"column":20}}],"line":321},"18":{"loc":{"start":{"line":328,"column":19},"end":{"line":334,"column":19}},"type":"cond-expr","locations":[{"start":{"line":329,"column":20},"end":{"line":329,"column":67}},{"start":{"line":331,"column":20},"end":{"line":333,"column":27}}],"line":328},"19":{"loc":{"start":{"line":357,"column":11},"end":{"line":363,"column":11}},"type":"cond-expr","locations":[{"start":{"line":358,"column":12},"end":{"line":358,"column":49}},{"start":{"line":360,"column":12},"end":{"line":362,"column":19}}],"line":357},"20":{"loc":{"start":{"line":357,"column":11},"end":{"line":357,"column":59}},"type":"binary-expr","locations":[{"start":{"line":357,"column":11},"end":{"line":357,"column":31}},{"start":{"line":357,"column":35},"end":{"line":357,"column":59}}],"line":357},"21":{"loc":{"start":{"line":371,"column":10},"end":{"line":373,"column":33}},"type":"cond-expr","locations":[{"start":{"line":372,"column":14},"end":{"line":372,"column":32}},{"start":{"line":373,"column":14},"end":{"line":373,"column":33}}],"line":371},"22":{"loc":{"start":{"line":377,"column":10},"end":{"line":377,"column":69}},"type":"cond-expr","locations":[{"start":{"line":377,"column":40},"end":{"line":377,"column":64}},{"start":{"line":377,"column":67},"end":{"line":377,"column":69}}],"line":377},"23":{"loc":{"start":{"line":379,"column":16},"end":{"line":379,"column":71}},"type":"binary-expr","locations":[{"start":{"line":379,"column":16},"end":{"line":379,"column":43}},{"start":{"line":379,"column":47},"end":{"line":379,"column":71}}],"line":379},"24":{"loc":{"start":{"line":380,"column":20},"end":{"line":380,"column":79}},"type":"binary-expr","locations":[{"start":{"line":380,"column":20},"end":{"line":380,"column":47}},{"start":{"line":380,"column":51},"end":{"line":380,"column":79}}],"line":380},"25":{"loc":{"start":{"line":382,"column":10},"end":{"line":384,"column":37}},"type":"cond-expr","locations":[{"start":{"line":383,"column":14},"end":{"line":383,"column":35}},{"start":{"line":384,"column":14},"end":{"line":384,"column":37}}],"line":382}},"s":{"0":0,"1":0,"2":0,"3":0,"4":0,"5":0,"6":0,"7":0,"8":0,"9":0,"10":0,"11":0,"12":0,"13":0,"14":0,"15":0,"16":0,"17":0,"18":0,"19":0,"20":0,"21":0,"22":0,"23":0,"24":0,"25":0,"26":0,"27":0,"28":0,"29":0,"30":0,"31":0,"32":0,"33":0,"34":0,"35":0,"36":0,"37":0,"38":0,"39":0,"40":0,"41":0,"42":0,"43":0,"44":0,"45":0,"46":0,"47":0,"48":0,"49":0,"50":0,"51":0,"52":0,"53":0,"54":0,"55":0,"56":0,"57":0,"58":0,"59":0,"60":0,"61":0,"62":0,"63":0,"64":0,"65":0,"66":0,"67":0,"68":0,"69":0,"70":0,"71":0,"72":0,"73":0,"74":0,"75":0,"76":0,"77":0,"78":0,"79":0,"80":0},"f":{"0":0,"1":0,"2":0,"3":0,"4":0,"5":0,"6":0,"7":0,"8":0,"9":0,"10":0,"11":0,"12":0,"13":0,"14":0,"15":0,"16":0,"17":0,"18":0,"19":0,"20":0},"b":{"0":[0,0],"1":[0,0],"2":[0,0],"3":[0,0],"4":[0,0],"5":[0,0],"6":[0,0],"7":[0,0],"8":[0,0],"9":[0,0],"10":[0,0],"11":[0,0],"12":[0,0],"13":[0,0],"14":[0,0],"15":[0,0],"16":[0,0],"17":[0,0],"18":[0,0],"19":[0,0],"20":[0,0],"21":[0,0],"22":[0,0],"23":[0,0],"24":[0,0],"25":[0,0]}}
,"D:\\Programming\\Programming-Tests\\desafio-agendaedu\\src\\screens\\StudentsListScreen.tsx": {"path":"D:\\Programming\\Programming-Tests\\desafio-agendaedu\\src\\screens\\StudentsListScreen.tsx","statementMap":{"0":{"start":{"line":29,"column":32},"end":{"line":29,"column":33}},"1":{"start":{"line":39,"column":16},"end":{"line":39,"column":51}},"2":{"start":{"line":40,"column":39},"end":{"line":40,"column":51}},"3":{"start":{"line":42,"column":23},"end":{"line":42,"column":38}},"4":{"start":{"line":44,"column":32},"end":{"line":44,"column":45}},"5":{"start":{"line":45,"column":38},"end":{"line":47,"column":3}},"6":{"start":{"line":46,"column":26},"end":{"line":46,"column":40}},"7":{"start":{"line":49,"column":42},"end":{"line":52,"column":4}},"8":{"start":{"line":54,"column":50},"end":{"line":54,"column":62}},"9":{"start":{"line":56,"column":26},"end":{"line":56,"column":37}},"10":{"start":{"line":57,"column":46},"end":{"line":57,"column":61}},"11":{"start":{"line":58,"column":32},"end":{"line":58,"column":46}},"12":{"start":{"line":60,"column":52},"end":{"line":62,"column":3}},"13":{"start":{"line":63,"column":58},"end":{"line":63,"column":73}},"14":{"start":{"line":65,"column":2},"end":{"line":77,"column":8}},"15":{"start":{"line":66,"column":25},"end":{"line":74,"column":5}},"16":{"start":{"line":67,"column":21},"end":{"line":69,"column":7}},"17":{"start":{"line":70,"column":6},"end":{"line":73,"column":7}},"18":{"start":{"line":71,"column":8},"end":{"line":71,"column":42}},"19":{"start":{"line":72,"column":8},"end":{"line":72,"column":18}},"20":{"start":{"line":76,"column":4},"end":{"line":76,"column":18}},"21":{"start":{"line":79,"column":2},"end":{"line":88,"column":21}},"22":{"start":{"line":80,"column":4},"end":{"line":87,"column":5}},"23":{"start":{"line":81,"column":6},"end":{"line":86,"column":8}},"24":{"start":{"line":90,"column":27},"end":{"line":106,"column":3}},"25":{"start":{"line":91,"column":4},"end":{"line":91,"column":42}},"26":{"start":{"line":91,"column":36},"end":{"line":91,"column":42}},"27":{"start":{"line":93,"column":4},"end":{"line":93,"column":27}},"28":{"start":{"line":94,"column":21},"end":{"line":94,"column":29}},"29":{"start":{"line":96,"column":19},"end":{"line":98,"column":5}},"30":{"start":{"line":99,"column":4},"end":{"line":103,"column":5}},"31":{"start":{"line":100,"column":6},"end":{"line":100,"column":23}},"32":{"start":{"line":101,"column":26},"end":{"line":101,"column":40}},"33":{"start":{"line":102,"column":6},"end":{"line":102,"column":25}},"34":{"start":{"line":105,"column":4},"end":{"line":105,"column":28}},"35":{"start":{"line":108,"column":39},"end":{"line":114,"column":3}},"36":{"start":{"line":109,"column":4},"end":{"line":113,"column":7}},"37":{"start":{"line":109,"column":32},"end":{"line":113,"column":5}},"38":{"start":{"line":116,"column":30},"end":{"line":149,"column":3}},"39":{"start":{"line":117,"column":4},"end":{"line":125,"column":5}},"40":{"start":{"line":118,"column":6},"end":{"line":123,"column":8}},"41":{"start":{"line":124,"column":6},"end":{"line":124,"column":12}},"42":{"start":{"line":127,"column":25},"end":{"line":129,"column":5}},"43":{"start":{"line":131,"column":4},"end":{"line":148,"column":5}},"44":{"start":{"line":132,"column":6},"end":{"line":132,"column":29}},"45":{"start":{"line":133,"column":6},"end":{"line":133,"column":36}},"46":{"start":{"line":134,"column":6},"end":{"line":139,"column":8}},"47":{"start":{"line":140,"column":11},"end":{"line":148,"column":5}},"48":{"start":{"line":141,"column":6},"end":{"line":147,"column":8}},"49":{"start":{"line":151,"column":28},"end":{"line":184,"column":3}},"50":{"start":{"line":152,"column":4},"end":{"line":160,"column":5}},"51":{"start":{"line":153,"column":6},"end":{"line":158,"column":8}},"52":{"start":{"line":159,"column":6},"end":{"line":159,"column":12}},"53":{"start":{"line":162,"column":25},"end":{"line":164,"column":5}},"54":{"start":{"line":166,"column":4},"end":{"line":183,"column":5}},"55":{"start":{"line":167,"column":6},"end":{"line":167,"column":29}},"56":{"start":{"line":168,"column":6},"end":{"line":168,"column":36}},"57":{"start":{"line":169,"column":6},"end":{"line":174,"column":8}},"58":{"start":{"line":175,"column":11},"end":{"line":183,"column":5}},"59":{"start":{"line":176,"column":6},"end":{"line":182,"column":8}},"60":{"start":{"line":186,"column":30},"end":{"line":209,"column":3}},"61":{"start":{"line":187,"column":25},"end":{"line":187,"column":74}},"62":{"start":{"line":189,"column":4},"end":{"line":208,"column":5}},"63":{"start":{"line":190,"column":6},"end":{"line":190,"column":29}},"64":{"start":{"line":191,"column":6},"end":{"line":191,"column":32}},"65":{"start":{"line":192,"column":6},"end":{"line":192,"column":36}},"66":{"start":{"line":194,"column":6},"end":{"line":199,"column":8}},"67":{"start":{"line":200,"column":11},"end":{"line":208,"column":5}},"68":{"start":{"line":201,"column":6},"end":{"line":207,"column":8}},"69":{"start":{"line":211,"column":24},"end":{"line":217,"column":3}},"70":{"start":{"line":212,"column":4},"end":{"line":212,"column":33}},"71":{"start":{"line":213,"column":4},"end":{"line":215,"column":5}},"72":{"start":{"line":214,"column":33},"end":{"line":214,"column":65}},"73":{"start":{"line":216,"column":4},"end":{"line":216,"column":77}},"74":{"start":{"line":216,"column":32},"end":{"line":216,"column":75}},"75":{"start":{"line":219,"column":26},"end":{"line":222,"column":3}},"76":{"start":{"line":220,"column":4},"end":{"line":220,"column":33}},"77":{"start":{"line":221,"column":4},"end":{"line":221,"column":33}},"78":{"start":{"line":224,"column":2},"end":{"line":334,"column":3}},"79":{"start":{"line":246,"column":34},"end":{"line":246,"column":41}},"80":{"start":{"line":249,"column":12},"end":{"line":262,"column":14}},"81":{"start":{"line":255,"column":16},"end":{"line":260,"column":18}},"82":{"start":{"line":265,"column":12},"end":{"line":281,"column":20}},"83":{"start":{"line":329,"column":23},"end":{"line":329,"column":53}}},"fnMap":{"0":{"name":"StudentsListScreen","decl":{"start":{"line":38,"column":24},"end":{"line":38,"column":42}},"loc":{"start":{"line":38,"column":45},"end":{"line":335,"column":1}},"line":38},"1":{"name":"(anonymous_1)","decl":{"start":{"line":46,"column":4},"end":{"line":46,"column":5}},"loc":{"start":{"line":46,"column":26},"end":{"line":46,"column":40}},"line":46},"2":{"name":"(anonymous_2)","decl":{"start":{"line":65,"column":12},"end":{"line":65,"column":13}},"loc":{"start":{"line":65,"column":18},"end":{"line":77,"column":3}},"line":65},"3":{"name":"(anonymous_3)","decl":{"start":{"line":66,"column":25},"end":{"line":66,"column":26}},"loc":{"start":{"line":66,"column":37},"end":{"line":74,"column":5}},"line":66},"4":{"name":"(anonymous_4)","decl":{"start":{"line":79,"column":12},"end":{"line":79,"column":13}},"loc":{"start":{"line":79,"column":18},"end":{"line":88,"column":3}},"line":79},"5":{"name":"(anonymous_5)","decl":{"start":{"line":90,"column":27},"end":{"line":90,"column":28}},"loc":{"start":{"line":90,"column":39},"end":{"line":106,"column":3}},"line":90},"6":{"name":"(anonymous_6)","decl":{"start":{"line":108,"column":39},"end":{"line":108,"column":40}},"loc":{"start":{"line":108,"column":45},"end":{"line":114,"column":3}},"line":108},"7":{"name":"(anonymous_7)","decl":{"start":{"line":109,"column":20},"end":{"line":109,"column":21}},"loc":{"start":{"line":109,"column":32},"end":{"line":113,"column":5}},"line":109},"8":{"name":"(anonymous_8)","decl":{"start":{"line":116,"column":30},"end":{"line":116,"column":31}},"loc":{"start":{"line":116,"column":61},"end":{"line":149,"column":3}},"line":116},"9":{"name":"(anonymous_9)","decl":{"start":{"line":151,"column":28},"end":{"line":151,"column":29}},"loc":{"start":{"line":151,"column":59},"end":{"line":184,"column":3}},"line":151},"10":{"name":"(anonymous_10)","decl":{"start":{"line":186,"column":30},"end":{"line":186,"column":31}},"loc":{"start":{"line":186,"column":42},"end":{"line":209,"column":3}},"line":186},"11":{"name":"(anonymous_11)","decl":{"start":{"line":211,"column":24},"end":{"line":211,"column":25}},"loc":{"start":{"line":211,"column":45},"end":{"line":217,"column":3}},"line":211},"12":{"name":"(anonymous_12)","decl":{"start":{"line":214,"column":20},"end":{"line":214,"column":21}},"loc":{"start":{"line":214,"column":33},"end":{"line":214,"column":65}},"line":214},"13":{"name":"(anonymous_13)","decl":{"start":{"line":216,"column":20},"end":{"line":216,"column":21}},"loc":{"start":{"line":216,"column":32},"end":{"line":216,"column":75}},"line":216},"14":{"name":"(anonymous_14)","decl":{"start":{"line":219,"column":26},"end":{"line":219,"column":27}},"loc":{"start":{"line":219,"column":47},"end":{"line":222,"column":3}},"line":219},"15":{"name":"(anonymous_15)","decl":{"start":{"line":246,"column":24},"end":{"line":246,"column":25}},"loc":{"start":{"line":246,"column":34},"end":{"line":246,"column":41}},"line":246},"16":{"name":"(anonymous_16)","decl":{"start":{"line":248,"column":22},"end":{"line":248,"column":23}},"loc":{"start":{"line":249,"column":12},"end":{"line":262,"column":14}},"line":249},"17":{"name":"(anonymous_17)","decl":{"start":{"line":254,"column":23},"end":{"line":254,"column":24}},"loc":{"start":{"line":255,"column":16},"end":{"line":260,"column":18}},"line":255},"18":{"name":"(anonymous_18)","decl":{"start":{"line":264,"column":31},"end":{"line":264,"column":32}},"loc":{"start":{"line":265,"column":12},"end":{"line":281,"column":20}},"line":265},"19":{"name":"(anonymous_19)","decl":{"start":{"line":329,"column":17},"end":{"line":329,"column":18}},"loc":{"start":{"line":329,"column":23},"end":{"line":329,"column":53}},"line":329}},"branchMap":{"0":{"loc":{"start":{"line":70,"column":6},"end":{"line":73,"column":7}},"type":"if","locations":[{"start":{"line":70,"column":6},"end":{"line":73,"column":7}},{"start":{},"end":{}}],"line":70},"1":{"loc":{"start":{"line":80,"column":4},"end":{"line":87,"column":5}},"type":"if","locations":[{"start":{"line":80,"column":4},"end":{"line":87,"column":5}},{"start":{},"end":{}}],"line":80},"2":{"loc":{"start":{"line":80,"column":8},"end":{"line":80,"column":36}},"type":"binary-expr","locations":[{"start":{"line":80,"column":8},"end":{"line":80,"column":27}},{"start":{"line":80,"column":31},"end":{"line":80,"column":36}}],"line":80},"3":{"loc":{"start":{"line":91,"column":4},"end":{"line":91,"column":42}},"type":"if","locations":[{"start":{"line":91,"column":4},"end":{"line":91,"column":42}},{"start":{},"end":{}}],"line":91},"4":{"loc":{"start":{"line":91,"column":8},"end":{"line":91,"column":34}},"type":"binary-expr","locations":[{"start":{"line":91,"column":8},"end":{"line":91,"column":22}},{"start":{"line":91,"column":26},"end":{"line":91,"column":34}}],"line":91},"5":{"loc":{"start":{"line":99,"column":4},"end":{"line":103,"column":5}},"type":"if","locations":[{"start":{"line":99,"column":4},"end":{"line":103,"column":5}},{"start":{},"end":{}}],"line":99},"6":{"loc":{"start":{"line":117,"column":4},"end":{"line":125,"column":5}},"type":"if","locations":[{"start":{"line":117,"column":4},"end":{"line":125,"column":5}},{"start":{},"end":{}}],"line":117},"7":{"loc":{"start":{"line":131,"column":4},"end":{"line":148,"column":5}},"type":"if","locations":[{"start":{"line":131,"column":4},"end":{"line":148,"column":5}},{"start":{"line":140,"column":11},"end":{"line":148,"column":5}}],"line":131},"8":{"loc":{"start":{"line":140,"column":11},"end":{"line":148,"column":5}},"type":"if","locations":[{"start":{"line":140,"column":11},"end":{"line":148,"column":5}},{"start":{},"end":{}}],"line":140},"9":{"loc":{"start":{"line":152,"column":4},"end":{"line":160,"column":5}},"type":"if","locations":[{"start":{"line":152,"column":4},"end":{"line":160,"column":5}},{"start":{},"end":{}}],"line":152},"10":{"loc":{"start":{"line":166,"column":4},"end":{"line":183,"column":5}},"type":"if","locations":[{"start":{"line":166,"column":4},"end":{"line":183,"column":5}},{"start":{"line":175,"column":11},"end":{"line":183,"column":5}}],"line":166},"11":{"loc":{"start":{"line":175,"column":11},"end":{"line":183,"column":5}},"type":"if","locations":[{"start":{"line":175,"column":11},"end":{"line":183,"column":5}},{"start":{},"end":{}}],"line":175},"12":{"loc":{"start":{"line":189,"column":4},"end":{"line":208,"column":5}},"type":"if","locations":[{"start":{"line":189,"column":4},"end":{"line":208,"column":5}},{"start":{"line":200,"column":11},"end":{"line":208,"column":5}}],"line":189},"13":{"loc":{"start":{"line":200,"column":11},"end":{"line":208,"column":5}},"type":"if","locations":[{"start":{"line":200,"column":11},"end":{"line":208,"column":5}},{"start":{},"end":{}}],"line":200},"14":{"loc":{"start":{"line":227,"column":25},"end":{"line":227,"column":71}},"type":"cond-expr","locations":[{"start":{"line":227,"column":48},"end":{"line":227,"column":59}},{"start":{"line":227,"column":62},"end":{"line":227,"column":71}}],"line":227},"15":{"loc":{"start":{"line":236,"column":7},"end":{"line":292,"column":7}},"type":"cond-expr","locations":[{"start":{"line":237,"column":8},"end":{"line":242,"column":15}},{"start":{"line":243,"column":10},"end":{"line":292,"column":7}}],"line":236},"16":{"loc":{"start":{"line":243,"column":10},"end":{"line":292,"column":7}},"type":"cond-expr","locations":[{"start":{"line":244,"column":8},"end":{"line":283,"column":10}},{"start":{"line":285,"column":8},"end":{"line":291,"column":15}}],"line":243},"17":{"loc":{"start":{"line":265,"column":12},"end":{"line":281,"column":20}},"type":"cond-expr","locations":[{"start":{"line":266,"column":14},"end":{"line":280,"column":21}},{"start":{"line":281,"column":16},"end":{"line":281,"column":20}}],"line":265},"18":{"loc":{"start":{"line":272,"column":19},"end":{"line":278,"column":19}},"type":"cond-expr","locations":[{"start":{"line":273,"column":20},"end":{"line":273,"column":67}},{"start":{"line":275,"column":20},"end":{"line":277,"column":27}}],"line":272},"19":{"loc":{"start":{"line":301,"column":11},"end":{"line":307,"column":11}},"type":"cond-expr","locations":[{"start":{"line":302,"column":12},"end":{"line":302,"column":49}},{"start":{"line":304,"column":12},"end":{"line":306,"column":19}}],"line":301},"20":{"loc":{"start":{"line":301,"column":11},"end":{"line":301,"column":55}},"type":"binary-expr","locations":[{"start":{"line":301,"column":11},"end":{"line":301,"column":31}},{"start":{"line":301,"column":35},"end":{"line":301,"column":55}}],"line":301},"21":{"loc":{"start":{"line":315,"column":10},"end":{"line":317,"column":31}},"type":"cond-expr","locations":[{"start":{"line":316,"column":14},"end":{"line":316,"column":33}},{"start":{"line":317,"column":14},"end":{"line":317,"column":31}}],"line":315},"22":{"loc":{"start":{"line":322,"column":10},"end":{"line":322,"column":80}},"type":"cond-expr","locations":[{"start":{"line":322,"column":44},"end":{"line":322,"column":60}},{"start":{"line":322,"column":63},"end":{"line":322,"column":80}}],"line":322}},"s":{"0":0,"1":0,"2":0,"3":0,"4":0,"5":0,"6":0,"7":0,"8":0,"9":0,"10":0,"11":0,"12":0,"13":0,"14":0,"15":0,"16":0,"17":0,"18":0,"19":0,"20":0,"21":0,"22":0,"23":0,"24":0,"25":0,"26":0,"27":0,"28":0,"29":0,"30":0,"31":0,"32":0,"33":0,"34":0,"35":0,"36":0,"37":0,"38":0,"39":0,"40":0,"41":0,"42":0,"43":0,"44":0,"45":0,"46":0,"47":0,"48":0,"49":0,"50":0,"51":0,"52":0,"53":0,"54":0,"55":0,"56":0,"57":0,"58":0,"59":0,"60":0,"61":0,"62":0,"63":0,"64":0,"65":0,"66":0,"67":0,"68":0,"69":0,"70":0,"71":0,"72":0,"73":0,"74":0,"75":0,"76":0,"77":0,"78":0,"79":0,"80":0,"81":0,"82":0,"83":0},"f":{"0":0,"1":0,"2":0,"3":0,"4":0,"5":0,"6":0,"7":0,"8":0,"9":0,"10":0,"11":0,"12":0,"13":0,"14":0,"15":0,"16":0,"17":0,"18":0,"19":0},"b":{"0":[0,0],"1":[0,0],"2":[0,0],"3":[0,0],"4":[0,0],"5":[0,0],"6":[0,0],"7":[0,0],"8":[0,0],"9":[0,0],"10":[0,0],"11":[0,0],"12":[0,0],"13":[0,0],"14":[0,0],"15":[0,0],"16":[0,0],"17":[0,0],"18":[0,0],"19":[0,0],"20":[0,0],"21":[0,0],"22":[0,0]}}
,"D:\\Programming\\Programming-Tests\\desafio-agendaedu\\src\\services\\api.ts": {"path":"D:\\Programming\\Programming-Tests\\desafio-agendaedu\\src\\services\\api.ts","statementMap":{"0":{"start":{"line":1,"column":23},"end":{"line":1,"column":61}},"1":{"start":{"line":3,"column":24},"end":{"line":3,"column":55}}},"fnMap":{},"branchMap":{},"s":{"0":1,"1":1},"f":{},"b":{},"_coverageSchema":"1a1c01bbd47fc00a2c39e90264f33305004495a9","hash":"0e36060ad58082e1074374bf8c0eaf0143802ceb"}
,"D:\\Programming\\Programming-Tests\\desafio-agendaedu\\src\\types\\navigation.ts": {"path":"D:\\Programming\\Programming-Tests\\desafio-agendaedu\\src\\types\\navigation.ts","statementMap":{},"fnMap":{},"branchMap":{},"s":{},"f":{},"b":{}}
}
