{"D:\\Programming\\Programming-Tests\\desafio-agendaedu\\src\\components\\ClassItem.tsx": {"path":"D:\\Programming\\Programming-Tests\\desafio-agendaedu\\src\\components\\ClassItem.tsx","statementMap":{"0":{"start":{"line":22,"column":29},"end":{"line":56,"column":1}},"1":{"start":{"line":29,"column":16},"end":{"line":32,"column":4}},"2":{"start":{"line":34,"column":18},"end":{"line":37,"column":4}},"3":{"start":{"line":39,"column":21},"end":{"line":42,"column":4}},"4":{"start":{"line":44,"column":2},"end":{"line":55,"column":4}},"5":{"start":{"line":64,"column":23},"end":{"line":64,"column":38}},"6":{"start":{"line":66,"column":28},"end":{"line":77,"column":3}},"7":{"start":{"line":70,"column":4},"end":{"line":76,"column":6}},"8":{"start":{"line":74,"column":21},"end":{"line":74,"column":33}},"9":{"start":{"line":79,"column":29},"end":{"line":90,"column":3}},"10":{"start":{"line":83,"column":4},"end":{"line":89,"column":6}},"11":{"start":{"line":87,"column":21},"end":{"line":87,"column":31}},"12":{"start":{"line":92,"column":2},"end":{"line":111,"column":4}},"13":{"start":{"line":102,"column":25},"end":{"line":102,"column":68}}},"fnMap":{"0":{"name":"(anonymous_0)","decl":{"start":{"line":22,"column":29},"end":{"line":22,"column":30}},"loc":{"start":{"line":28,"column":25},"end":{"line":56,"column":1}},"line":28},"1":{"name":"ClassItem","decl":{"start":{"line":58,"column":24},"end":{"line":58,"column":33}},"loc":{"start":{"line":63,"column":19},"end":{"line":112,"column":1}},"line":63},"2":{"name":"(anonymous_2)","decl":{"start":{"line":66,"column":28},"end":{"line":66,"column":29}},"loc":{"start":{"line":70,"column":4},"end":{"line":76,"column":6}},"line":70},"3":{"name":"(anonymous_3)","decl":{"start":{"line":74,"column":15},"end":{"line":74,"column":16}},"loc":{"start":{"line":74,"column":21},"end":{"line":74,"column":33}},"line":74},"4":{"name":"(anonymous_4)","decl":{"start":{"line":79,"column":29},"end":{"line":79,"column":30}},"loc":{"start":{"line":83,"column":4},"end":{"line":89,"column":6}},"line":83},"5":{"name":"(anonymous_5)","decl":{"start":{"line":87,"column":15},"end":{"line":87,"column":16}},"loc":{"start":{"line":87,"column":21},"end":{"line":87,"column":31}},"line":87},"6":{"name":"(anonymous_6)","decl":{"start":{"line":102,"column":19},"end":{"line":102,"column":20}},"loc":{"start":{"line":102,"column":25},"end":{"line":102,"column":68}},"line":102}},"branchMap":{"0":{"loc":{"start":{"line":41,"column":18},"end":{"line":41,"column":49}},"type":"cond-expr","locations":[{"start":{"line":41,"column":41},"end":{"line":41,"column":44}},{"start":{"line":41,"column":47},"end":{"line":41,"column":49}}],"line":41}},"s":{"0":1,"1":0,"2":0,"3":0,"4":0,"5":2,"6":2,"7":0,"8":0,"9":2,"10":0,"11":0,"12":2,"13":0},"f":{"0":0,"1":2,"2":0,"3":0,"4":0,"5":0,"6":0},"b":{"0":[0,0]},"_coverageSchema":"1a1c01bbd47fc00a2c39e90264f33305004495a9","hash":"683ac21db112222f09bd6ae49499dd92690b33fb"}
,"D:\\Programming\\Programming-Tests\\desafio-agendaedu\\src\\components\\ConfirmDeleteModal.tsx": {"path":"D:\\Programming\\Programming-Tests\\desafio-agendaedu\\src\\components\\ConfirmDeleteModal.tsx","statementMap":{"0":{"start":{"line":25,"column":2},"end":{"line":67,"column":3}},"1":{"start":{"line":35,"column":52},"end":{"line":35,"column":71}}},"fnMap":{"0":{"name":"ConfirmDeleteModal","decl":{"start":{"line":18,"column":24},"end":{"line":18,"column":42}},"loc":{"start":{"line":24,"column":28},"end":{"line":68,"column":1}},"line":24},"1":{"name":"(anonymous_1)","decl":{"start":{"line":35,"column":45},"end":{"line":35,"column":46}},"loc":{"start":{"line":35,"column":52},"end":{"line":35,"column":71}},"line":35}},"branchMap":{"0":{"loc":{"start":{"line":22,"column":2},"end":{"line":22,"column":17}},"type":"default-arg","locations":[{"start":{"line":22,"column":12},"end":{"line":22,"column":17}}],"line":22},"1":{"loc":{"start":{"line":48,"column":17},"end":{"line":52,"column":17}},"type":"cond-expr","locations":[{"start":{"line":49,"column":18},"end":{"line":49,"column":52}},{"start":{"line":51,"column":18},"end":{"line":51,"column":82}}],"line":48}},"s":{"0":1,"1":0},"f":{"0":1,"1":0},"b":{"0":[1],"1":[0,1]},"_coverageSchema":"1a1c01bbd47fc00a2c39e90264f33305004495a9","hash":"c7c4357c04bc57e528268142ffc8c01fb466d354"}
,"D:\\Programming\\Programming-Tests\\desafio-agendaedu\\src\\components\\GenericModal.tsx": {"path":"D:\\Programming\\Programming-Tests\\desafio-agendaedu\\src\\components\\GenericModal.tsx","statementMap":{"0":{"start":{"line":31,"column":38},"end":{"line":31,"column":60}},"1":{"start":{"line":33,"column":2},"end":{"line":35,"column":29}},"2":{"start":{"line":34,"column":4},"end":{"line":34,"column":31}},"3":{"start":{"line":37,"column":2},"end":{"line":77,"column":3}},"4":{"start":{"line":47,"column":52},"end":{"line":47,"column":71}},"5":{"start":{"line":61,"column":31},"end":{"line":61,"column":52}}},"fnMap":{"0":{"name":"GenericModal","decl":{"start":{"line":22,"column":24},"end":{"line":22,"column":36}},"loc":{"start":{"line":30,"column":22},"end":{"line":78,"column":1}},"line":30},"1":{"name":"(anonymous_1)","decl":{"start":{"line":33,"column":12},"end":{"line":33,"column":13}},"loc":{"start":{"line":33,"column":18},"end":{"line":35,"column":3}},"line":33},"2":{"name":"(anonymous_2)","decl":{"start":{"line":47,"column":45},"end":{"line":47,"column":46}},"loc":{"start":{"line":47,"column":52},"end":{"line":47,"column":71}},"line":47},"3":{"name":"(anonymous_3)","decl":{"start":{"line":61,"column":25},"end":{"line":61,"column":26}},"loc":{"start":{"line":61,"column":31},"end":{"line":61,"column":52}},"line":61}},"branchMap":{"0":{"loc":{"start":{"line":26,"column":2},"end":{"line":26,"column":17}},"type":"default-arg","locations":[{"start":{"line":26,"column":12},"end":{"line":26,"column":17}}],"line":26},"1":{"loc":{"start":{"line":29,"column":2},"end":{"line":29,"column":19}},"type":"default-arg","locations":[{"start":{"line":29,"column":17},"end":{"line":29,"column":19}}],"line":29},"2":{"loc":{"start":{"line":62,"column":26},"end":{"line":62,"column":61}},"type":"binary-expr","locations":[{"start":{"line":62,"column":26},"end":{"line":62,"column":33}},{"start":{"line":62,"column":37},"end":{"line":62,"column":61}}],"line":62},"3":{"loc":{"start":{"line":64,"column":17},"end":{"line":70,"column":17}},"type":"cond-expr","locations":[{"start":{"line":65,"column":18},"end":{"line":65,"column":55}},{"start":{"line":67,"column":18},"end":{"line":69,"column":25}}],"line":64}},"s":{"0":1,"1":1,"2":1,"3":1,"4":0,"5":0},"f":{"0":1,"1":1,"2":0,"3":0},"b":{"0":[0],"1":[0],"2":[1,1],"3":[0,1]},"_coverageSchema":"1a1c01bbd47fc00a2c39e90264f33305004495a9","hash":"4b0a5cffc3152aefd62e94862608cb56805315e0"}
,"D:\\Programming\\Programming-Tests\\desafio-agendaedu\\src\\components\\StudentItem.tsx": {"path":"D:\\Programming\\Programming-Tests\\desafio-agendaedu\\src\\components\\StudentItem.tsx","statementMap":{"0":{"start":{"line":7,"column":25},"end":{"line":7,"column":40}},"1":{"start":{"line":9,"column":4},"end":{"line":17,"column":5}},"2":{"start":{"line":11,"column":23},"end":{"line":11,"column":84}}},"fnMap":{"0":{"name":"StudentItem","decl":{"start":{"line":5,"column":24},"end":{"line":5,"column":35}},"loc":{"start":{"line":5,"column":106},"end":{"line":18,"column":1}},"line":5},"1":{"name":"(anonymous_1)","decl":{"start":{"line":11,"column":17},"end":{"line":11,"column":18}},"loc":{"start":{"line":11,"column":23},"end":{"line":11,"column":84}},"line":11}},"branchMap":{},"s":{"0":0,"1":0,"2":0},"f":{"0":0,"1":0},"b":{}}
,"D:\\Programming\\Programming-Tests\\desafio-agendaedu\\src\\components\\ui\\Button.tsx": {"path":"D:\\Programming\\Programming-Tests\\desafio-agendaedu\\src\\components\\ui\\Button.tsx","statementMap":{"0":{"start":{"line":9,"column":20},"end":{"line":9,"column":41}},"1":{"start":{"line":11,"column":26},"end":{"line":15,"column":3}},"2":{"start":{"line":17,"column":21},"end":{"line":20,"column":3}},"3":{"start":{"line":22,"column":2},"end":{"line":30,"column":3}}},"fnMap":{"0":{"name":"Button","decl":{"start":{"line":8,"column":24},"end":{"line":8,"column":30}},"loc":{"start":{"line":8,"column":97},"end":{"line":31,"column":1}},"line":8}},"branchMap":{"0":{"loc":{"start":{"line":8,"column":40},"end":{"line":8,"column":59}},"type":"default-arg","locations":[{"start":{"line":8,"column":50},"end":{"line":8,"column":59}}],"line":8},"1":{"loc":{"start":{"line":13,"column":6},"end":{"line":13,"column":49}},"type":"cond-expr","locations":[{"start":{"line":13,"column":18},"end":{"line":13,"column":32}},{"start":{"line":13,"column":35},"end":{"line":13,"column":49}}],"line":13},"2":{"loc":{"start":{"line":14,"column":6},"end":{"line":14,"column":21}},"type":"binary-expr","locations":[{"start":{"line":14,"column":6},"end":{"line":14,"column":15}},{"start":{"line":14,"column":19},"end":{"line":14,"column":21}}],"line":14},"3":{"loc":{"start":{"line":19,"column":6},"end":{"line":19,"column":53}},"type":"cond-expr","locations":[{"start":{"line":19,"column":18},"end":{"line":19,"column":34}},{"start":{"line":19,"column":37},"end":{"line":19,"column":53}}],"line":19}},"s":{"0":4,"1":4,"2":4,"3":4},"f":{"0":4},"b":{"0":[0],"1":[2,2],"2":[4,4],"3":[2,2]},"_coverageSchema":"1a1c01bbd47fc00a2c39e90264f33305004495a9","hash":"013483b7b37ae6aa8c92625ccb98793342f73052"}
,"D:\\Programming\\Programming-Tests\\desafio-agendaedu\\src\\hooks\\useNavigation.tsx": {"path":"D:\\Programming\\Programming-Tests\\desafio-agendaedu\\src\\hooks\\useNavigation.tsx","statementMap":{"0":{"start":{"line":5,"column":29},"end":{"line":6,"column":67}},"1":{"start":{"line":6,"column":2},"end":{"line":6,"column":67}}},"fnMap":{"0":{"name":"(anonymous_0)","decl":{"start":{"line":5,"column":29},"end":{"line":5,"column":30}},"loc":{"start":{"line":6,"column":2},"end":{"line":6,"column":67}},"line":6}},"branchMap":{},"s":{"0":2,"1":4},"f":{"0":4},"b":{},"_coverageSchema":"1a1c01bbd47fc00a2c39e90264f33305004495a9","hash":"e9be7fabb93aa8db2146899a211ab75620d6e9f0"}
,"D:\\Programming\\Programming-Tests\\desafio-agendaedu\\src\\lib\\toast.tsx": {"path":"D:\\Programming\\Programming-Tests\\desafio-agendaedu\\src\\lib\\toast.tsx","statementMap":{"0":{"start":{"line":4,"column":27},"end":{"line":51,"column":1}},"1":{"start":{"line":6,"column":4},"end":{"line":18,"column":11}},"2":{"start":{"line":21,"column":4},"end":{"line":34,"column":11}},"3":{"start":{"line":37,"column":4},"end":{"line":49,"column":11}}},"fnMap":{"0":{"name":"(anonymous_0)","decl":{"start":{"line":5,"column":14},"end":{"line":5,"column":15}},"loc":{"start":{"line":6,"column":4},"end":{"line":18,"column":11}},"line":6},"1":{"name":"(anonymous_1)","decl":{"start":{"line":20,"column":17},"end":{"line":20,"column":18}},"loc":{"start":{"line":21,"column":4},"end":{"line":34,"column":11}},"line":21},"2":{"name":"(anonymous_2)","decl":{"start":{"line":36,"column":15},"end":{"line":36,"column":16}},"loc":{"start":{"line":37,"column":4},"end":{"line":49,"column":11}},"line":37}},"branchMap":{"0":{"loc":{"start":{"line":15,"column":7},"end":{"line":17,"column":14}},"type":"cond-expr","locations":[{"start":{"line":16,"column":8},"end":{"line":16,"column":78}},{"start":{"line":17,"column":10},"end":{"line":17,"column":14}}],"line":15},"1":{"loc":{"start":{"line":31,"column":7},"end":{"line":33,"column":14}},"type":"cond-expr","locations":[{"start":{"line":32,"column":8},"end":{"line":32,"column":78}},{"start":{"line":33,"column":10},"end":{"line":33,"column":14}}],"line":31},"2":{"loc":{"start":{"line":46,"column":7},"end":{"line":48,"column":14}},"type":"cond-expr","locations":[{"start":{"line":47,"column":8},"end":{"line":47,"column":78}},{"start":{"line":48,"column":10},"end":{"line":48,"column":14}}],"line":46}},"s":{"0":0,"1":0,"2":0,"3":0},"f":{"0":0,"1":0,"2":0},"b":{"0":[0,0],"1":[0,0],"2":[0,0]}}
,"D:\\Programming\\Programming-Tests\\desafio-agendaedu\\src\\navigation\\RootNavigator.tsx": {"path":"D:\\Programming\\Programming-Tests\\desafio-agendaedu\\src\\navigation\\RootNavigator.tsx","statementMap":{"0":{"start":{"line":7,"column":14},"end":{"line":7,"column":42}},"1":{"start":{"line":9,"column":51},"end":{"line":20,"column":1}},"2":{"start":{"line":24,"column":2},"end":{"line":42,"column":3}}},"fnMap":{"0":{"name":"RootNavigator","decl":{"start":{"line":23,"column":24},"end":{"line":23,"column":37}},"loc":{"start":{"line":23,"column":40},"end":{"line":43,"column":1}},"line":23}},"branchMap":{},"s":{"0":0,"1":0,"2":0},"f":{"0":0},"b":{}}
,"D:\\Programming\\Programming-Tests\\desafio-agendaedu\\src\\redux\\classesSlice.ts": {"path":"D:\\Programming\\Programming-Tests\\desafio-agendaedu\\src\\redux\\classesSlice.ts","statementMap":{"0":{"start":{"line":17,"column":35},"end":{"line":23,"column":1}},"1":{"start":{"line":25,"column":28},"end":{"line":33,"column":2}},"2":{"start":{"line":26,"column":19},"end":{"line":26,"column":86}},"3":{"start":{"line":27,"column":2},"end":{"line":29,"column":3}},"4":{"start":{"line":28,"column":6},"end":{"line":28,"column":73}},"5":{"start":{"line":30,"column":15},"end":{"line":30,"column":36}},"6":{"start":{"line":31,"column":18},"end":{"line":31,"column":35}},"7":{"start":{"line":32,"column":2},"end":{"line":32,"column":40}},"8":{"start":{"line":35,"column":27},"end":{"line":59,"column":1}},"9":{"start":{"line":38,"column":4},"end":{"line":57,"column":5}},"10":{"start":{"line":39,"column":23},"end":{"line":45,"column":8}},"11":{"start":{"line":47,"column":6},"end":{"line":50,"column":7}},"12":{"start":{"line":48,"column":26},"end":{"line":48,"column":47}},"13":{"start":{"line":49,"column":8},"end":{"line":49,"column":70}},"14":{"start":{"line":52,"column":23},"end":{"line":52,"column":44}},"15":{"start":{"line":53,"column":6},"end":{"line":53,"column":21}},"16":{"start":{"line":55,"column":6},"end":{"line":55,"column":51}},"17":{"start":{"line":56,"column":6},"end":{"line":56,"column":96}},"18":{"start":{"line":66,"column":25},"end":{"line":90,"column":1}},"19":{"start":{"line":69,"column":4},"end":{"line":88,"column":5}},"20":{"start":{"line":70,"column":23},"end":{"line":76,"column":8}},"21":{"start":{"line":78,"column":6},"end":{"line":81,"column":7}},"22":{"start":{"line":79,"column":26},"end":{"line":79,"column":47}},"23":{"start":{"line":80,"column":8},"end":{"line":80,"column":68}},"24":{"start":{"line":83,"column":27},"end":{"line":83,"column":48}},"25":{"start":{"line":84,"column":6},"end":{"line":84,"column":25}},"26":{"start":{"line":86,"column":6},"end":{"line":86,"column":50}},"27":{"start":{"line":87,"column":6},"end":{"line":87,"column":92}},"28":{"start":{"line":92,"column":27},"end":{"line":112,"column":1}},"29":{"start":{"line":95,"column":4},"end":{"line":110,"column":5}},"30":{"start":{"line":96,"column":23},"end":{"line":98,"column":8}},"31":{"start":{"line":100,"column":6},"end":{"line":104,"column":7}},"32":{"start":{"line":102,"column":26},"end":{"line":102,"column":47}},"33":{"start":{"line":103,"column":8},"end":{"line":103,"column":70}},"34":{"start":{"line":106,"column":6},"end":{"line":106,"column":15}},"35":{"start":{"line":108,"column":6},"end":{"line":108,"column":51}},"36":{"start":{"line":109,"column":6},"end":{"line":109,"column":96}},"37":{"start":{"line":115,"column":21},"end":{"line":179,"column":2}},"38":{"start":{"line":122,"column":4},"end":{"line":177,"column":8}},"39":{"start":{"line":124,"column":8},"end":{"line":124,"column":32}},"40":{"start":{"line":127,"column":21},"end":{"line":127,"column":41}},"41":{"start":{"line":129,"column":8},"end":{"line":133,"column":9}},"42":{"start":{"line":130,"column":10},"end":{"line":130,"column":49}},"43":{"start":{"line":132,"column":10},"end":{"line":132,"column":72}},"44":{"start":{"line":135,"column":8},"end":{"line":135,"column":47}},"45":{"start":{"line":136,"column":8},"end":{"line":136,"column":35}},"46":{"start":{"line":139,"column":8},"end":{"line":139,"column":31}},"47":{"start":{"line":140,"column":8},"end":{"line":140,"column":71}},"48":{"start":{"line":143,"column":8},"end":{"line":143,"column":32}},"49":{"start":{"line":146,"column":8},"end":{"line":146,"column":34}},"50":{"start":{"line":147,"column":8},"end":{"line":147,"column":42}},"51":{"start":{"line":150,"column":8},"end":{"line":150,"column":31}},"52":{"start":{"line":151,"column":8},"end":{"line":151,"column":46}},"53":{"start":{"line":154,"column":8},"end":{"line":154,"column":32}},"54":{"start":{"line":157,"column":8},"end":{"line":157,"column":34}},"55":{"start":{"line":158,"column":22},"end":{"line":158,"column":82}},"56":{"start":{"line":158,"column":53},"end":{"line":158,"column":81}},"57":{"start":{"line":159,"column":8},"end":{"line":161,"column":9}},"58":{"start":{"line":160,"column":10},"end":{"line":160,"column":47}},"59":{"start":{"line":164,"column":8},"end":{"line":164,"column":31}},"60":{"start":{"line":165,"column":8},"end":{"line":165,"column":46}},"61":{"start":{"line":168,"column":8},"end":{"line":168,"column":32}},"62":{"start":{"line":171,"column":8},"end":{"line":171,"column":34}},"63":{"start":{"line":172,"column":8},"end":{"line":172,"column":78}},"64":{"start":{"line":172,"column":52},"end":{"line":172,"column":77}},"65":{"start":{"line":175,"column":8},"end":{"line":175,"column":31}},"66":{"start":{"line":176,"column":8},"end":{"line":176,"column":46}}},"fnMap":{"0":{"name":"(anonymous_0)","decl":{"start":{"line":25,"column":69},"end":{"line":25,"column":70}},"loc":{"start":{"line":25,"column":127},"end":{"line":33,"column":1}},"line":25},"1":{"name":"(anonymous_1)","decl":{"start":{"line":37,"column":2},"end":{"line":37,"column":3}},"loc":{"start":{"line":37,"column":52},"end":{"line":58,"column":3}},"line":37},"2":{"name":"(anonymous_2)","decl":{"start":{"line":68,"column":2},"end":{"line":68,"column":3}},"loc":{"start":{"line":68,"column":65},"end":{"line":89,"column":3}},"line":68},"3":{"name":"(anonymous_3)","decl":{"start":{"line":94,"column":2},"end":{"line":94,"column":3}},"loc":{"start":{"line":94,"column":45},"end":{"line":111,"column":3}},"line":94},"4":{"name":"(anonymous_4)","decl":{"start":{"line":121,"column":17},"end":{"line":121,"column":18}},"loc":{"start":{"line":121,"column":30},"end":{"line":178,"column":3}},"line":121},"5":{"name":"(anonymous_5)","decl":{"start":{"line":123,"column":37},"end":{"line":123,"column":38}},"loc":{"start":{"line":123,"column":48},"end":{"line":125,"column":7}},"line":123},"6":{"name":"(anonymous_6)","decl":{"start":{"line":126,"column":39},"end":{"line":126,"column":40}},"loc":{"start":{"line":126,"column":58},"end":{"line":137,"column":7}},"line":126},"7":{"name":"(anonymous_7)","decl":{"start":{"line":138,"column":38},"end":{"line":138,"column":39}},"loc":{"start":{"line":138,"column":57},"end":{"line":141,"column":7}},"line":138},"8":{"name":"(anonymous_8)","decl":{"start":{"line":142,"column":36},"end":{"line":142,"column":37}},"loc":{"start":{"line":142,"column":47},"end":{"line":144,"column":7}},"line":142},"9":{"name":"(anonymous_9)","decl":{"start":{"line":145,"column":38},"end":{"line":145,"column":39}},"loc":{"start":{"line":145,"column":79},"end":{"line":148,"column":7}},"line":145},"10":{"name":"(anonymous_10)","decl":{"start":{"line":149,"column":37},"end":{"line":149,"column":38}},"loc":{"start":{"line":149,"column":56},"end":{"line":152,"column":7}},"line":149},"11":{"name":"(anonymous_11)","decl":{"start":{"line":153,"column":34},"end":{"line":153,"column":35}},"loc":{"start":{"line":153,"column":45},"end":{"line":155,"column":7}},"line":153},"12":{"name":"(anonymous_12)","decl":{"start":{"line":156,"column":36},"end":{"line":156,"column":37}},"loc":{"start":{"line":156,"column":77},"end":{"line":162,"column":7}},"line":156},"13":{"name":"(anonymous_13)","decl":{"start":{"line":158,"column":46},"end":{"line":158,"column":47}},"loc":{"start":{"line":158,"column":53},"end":{"line":158,"column":81}},"line":158},"14":{"name":"(anonymous_14)","decl":{"start":{"line":163,"column":35},"end":{"line":163,"column":36}},"loc":{"start":{"line":163,"column":54},"end":{"line":166,"column":7}},"line":163},"15":{"name":"(anonymous_15)","decl":{"start":{"line":167,"column":36},"end":{"line":167,"column":37}},"loc":{"start":{"line":167,"column":47},"end":{"line":169,"column":7}},"line":167},"16":{"name":"(anonymous_16)","decl":{"start":{"line":170,"column":38},"end":{"line":170,"column":39}},"loc":{"start":{"line":170,"column":80},"end":{"line":173,"column":7}},"line":170},"17":{"name":"(anonymous_17)","decl":{"start":{"line":172,"column":45},"end":{"line":172,"column":46}},"loc":{"start":{"line":172,"column":52},"end":{"line":172,"column":77}},"line":172},"18":{"name":"(anonymous_18)","decl":{"start":{"line":174,"column":37},"end":{"line":174,"column":38}},"loc":{"start":{"line":174,"column":56},"end":{"line":177,"column":7}},"line":174}},"branchMap":{"0":{"loc":{"start":{"line":27,"column":2},"end":{"line":29,"column":3}},"type":"if","locations":[{"start":{"line":27,"column":2},"end":{"line":29,"column":3}},{"start":{},"end":{}}],"line":27},"1":{"loc":{"start":{"line":47,"column":6},"end":{"line":50,"column":7}},"type":"if","locations":[{"start":{"line":47,"column":6},"end":{"line":50,"column":7}},{"start":{},"end":{}}],"line":47},"2":{"loc":{"start":{"line":49,"column":24},"end":{"line":49,"column":69}},"type":"binary-expr","locations":[{"start":{"line":49,"column":24},"end":{"line":49,"column":41}},{"start":{"line":49,"column":45},"end":{"line":49,"column":69}}],"line":49},"3":{"loc":{"start":{"line":56,"column":29},"end":{"line":56,"column":95}},"type":"binary-expr","locations":[{"start":{"line":56,"column":29},"end":{"line":56,"column":42}},{"start":{"line":56,"column":46},"end":{"line":56,"column":95}}],"line":56},"4":{"loc":{"start":{"line":78,"column":6},"end":{"line":81,"column":7}},"type":"if","locations":[{"start":{"line":78,"column":6},"end":{"line":81,"column":7}},{"start":{},"end":{}}],"line":78},"5":{"loc":{"start":{"line":80,"column":24},"end":{"line":80,"column":67}},"type":"binary-expr","locations":[{"start":{"line":80,"column":24},"end":{"line":80,"column":41}},{"start":{"line":80,"column":45},"end":{"line":80,"column":67}}],"line":80},"6":{"loc":{"start":{"line":87,"column":29},"end":{"line":87,"column":91}},"type":"binary-expr","locations":[{"start":{"line":87,"column":29},"end":{"line":87,"column":42}},{"start":{"line":87,"column":46},"end":{"line":87,"column":91}}],"line":87},"7":{"loc":{"start":{"line":100,"column":6},"end":{"line":104,"column":7}},"type":"if","locations":[{"start":{"line":100,"column":6},"end":{"line":104,"column":7}},{"start":{},"end":{}}],"line":100},"8":{"loc":{"start":{"line":103,"column":24},"end":{"line":103,"column":69}},"type":"binary-expr","locations":[{"start":{"line":103,"column":24},"end":{"line":103,"column":41}},{"start":{"line":103,"column":45},"end":{"line":103,"column":69}}],"line":103},"9":{"loc":{"start":{"line":109,"column":29},"end":{"line":109,"column":95}},"type":"binary-expr","locations":[{"start":{"line":109,"column":29},"end":{"line":109,"column":42}},{"start":{"line":109,"column":46},"end":{"line":109,"column":95}}],"line":109},"10":{"loc":{"start":{"line":129,"column":8},"end":{"line":133,"column":9}},"type":"if","locations":[{"start":{"line":129,"column":8},"end":{"line":133,"column":9}},{"start":{"line":131,"column":15},"end":{"line":133,"column":9}}],"line":129},"11":{"loc":{"start":{"line":140,"column":22},"end":{"line":140,"column":71}},"type":"binary-expr","locations":[{"start":{"line":140,"column":22},"end":{"line":140,"column":42}},{"start":{"line":140,"column":46},"end":{"line":140,"column":71}}],"line":140},"12":{"loc":{"start":{"line":159,"column":8},"end":{"line":161,"column":9}},"type":"if","locations":[{"start":{"line":159,"column":8},"end":{"line":161,"column":9}},{"start":{},"end":{}}],"line":159}},"s":{"0":1,"1":1,"2":0,"3":0,"4":0,"5":0,"6":0,"7":0,"8":1,"9":0,"10":0,"11":0,"12":0,"13":0,"14":0,"15":0,"16":0,"17":0,"18":1,"19":0,"20":0,"21":0,"22":0,"23":0,"24":0,"25":0,"26":0,"27":0,"28":1,"29":0,"30":0,"31":0,"32":0,"33":0,"34":0,"35":0,"36":0,"37":1,"38":0,"39":0,"40":0,"41":0,"42":0,"43":0,"44":0,"45":0,"46":0,"47":0,"48":0,"49":0,"50":0,"51":0,"52":0,"53":0,"54":0,"55":0,"56":0,"57":0,"58":0,"59":0,"60":0,"61":0,"62":0,"63":0,"64":0,"65":0,"66":0},"f":{"0":0,"1":0,"2":0,"3":0,"4":0,"5":0,"6":0,"7":0,"8":0,"9":0,"10":0,"11":0,"12":0,"13":0,"14":0,"15":0,"16":0,"17":0,"18":0},"b":{"0":[0,0],"1":[0,0],"2":[0,0],"3":[0,0],"4":[0,0],"5":[0,0],"6":[0,0],"7":[0,0],"8":[0,0],"9":[0,0],"10":[0,0],"11":[0,0],"12":[0,0]},"_coverageSchema":"1a1c01bbd47fc00a2c39e90264f33305004495a9","hash":"a34f782e15f704813fc95fe87bdcc60fae73bc38"}
,"D:\\Programming\\Programming-Tests\\desafio-agendaedu\\src\\redux\\root-reducer.ts": {"path":"D:\\Programming\\Programming-Tests\\desafio-agendaedu\\src\\redux\\root-reducer.ts","statementMap":{"0":{"start":{"line":5,"column":20},"end":{"line":8,"column":2}}},"fnMap":{},"branchMap":{},"s":{"0":0},"f":{},"b":{}}
,"D:\\Programming\\Programming-Tests\\desafio-agendaedu\\src\\redux\\store.ts": {"path":"D:\\Programming\\Programming-Tests\\desafio-agendaedu\\src\\redux\\store.ts","statementMap":{"0":{"start":{"line":4,"column":21},"end":{"line":6,"column":2}}},"fnMap":{},"branchMap":{},"s":{"0":0},"f":{},"b":{}}
,"D:\\Programming\\Programming-Tests\\desafio-agendaedu\\src\\redux\\studentsSlice.ts": {"path":"D:\\Programming\\Programming-Tests\\desafio-agendaedu\\src\\redux\\studentsSlice.ts","statementMap":{"0":{"start":{"line":17,"column":36},"end":{"line":21,"column":1}},"1":{"start":{"line":24,"column":29},"end":{"line":31,"column":2}},"2":{"start":{"line":25,"column":19},"end":{"line":25,"column":54}},"3":{"start":{"line":26,"column":2},"end":{"line":28,"column":3}},"4":{"start":{"line":27,"column":4},"end":{"line":27,"column":47}},"5":{"start":{"line":29,"column":15},"end":{"line":29,"column":36}},"6":{"start":{"line":30,"column":2},"end":{"line":30,"column":13}},"7":{"start":{"line":38,"column":29},"end":{"line":62,"column":1}},"8":{"start":{"line":41,"column":4},"end":{"line":60,"column":5}},"9":{"start":{"line":42,"column":23},"end":{"line":48,"column":8}},"10":{"start":{"line":50,"column":6},"end":{"line":53,"column":7}},"11":{"start":{"line":51,"column":26},"end":{"line":51,"column":47}},"12":{"start":{"line":52,"column":8},"end":{"line":52,"column":72}},"13":{"start":{"line":55,"column":25},"end":{"line":55,"column":46}},"14":{"start":{"line":56,"column":6},"end":{"line":56,"column":23}},"15":{"start":{"line":58,"column":6},"end":{"line":58,"column":53}},"16":{"start":{"line":59,"column":6},"end":{"line":59,"column":98}},"17":{"start":{"line":64,"column":29},"end":{"line":83,"column":1}},"18":{"start":{"line":67,"column":4},"end":{"line":81,"column":5}},"19":{"start":{"line":68,"column":23},"end":{"line":70,"column":8}},"20":{"start":{"line":72,"column":6},"end":{"line":75,"column":7}},"21":{"start":{"line":73,"column":26},"end":{"line":73,"column":47}},"22":{"start":{"line":74,"column":8},"end":{"line":74,"column":72}},"23":{"start":{"line":77,"column":6},"end":{"line":77,"column":15}},"24":{"start":{"line":79,"column":6},"end":{"line":79,"column":53}},"25":{"start":{"line":80,"column":6},"end":{"line":80,"column":98}},"26":{"start":{"line":85,"column":22},"end":{"line":128,"column":2}},"27":{"start":{"line":92,"column":4},"end":{"line":126,"column":8}},"28":{"start":{"line":95,"column":8},"end":{"line":95,"column":32}},"29":{"start":{"line":98,"column":8},"end":{"line":98,"column":34}},"30":{"start":{"line":99,"column":8},"end":{"line":99,"column":39}},"31":{"start":{"line":102,"column":8},"end":{"line":102,"column":31}},"32":{"start":{"line":103,"column":8},"end":{"line":103,"column":72}},"33":{"start":{"line":106,"column":8},"end":{"line":106,"column":32}},"34":{"start":{"line":109,"column":8},"end":{"line":109,"column":34}},"35":{"start":{"line":110,"column":8},"end":{"line":110,"column":43}},"36":{"start":{"line":113,"column":8},"end":{"line":113,"column":31}},"37":{"start":{"line":114,"column":8},"end":{"line":114,"column":46}},"38":{"start":{"line":117,"column":8},"end":{"line":117,"column":32}},"39":{"start":{"line":120,"column":8},"end":{"line":120,"column":34}},"40":{"start":{"line":121,"column":8},"end":{"line":121,"column":90}},"41":{"start":{"line":121,"column":60},"end":{"line":121,"column":89}},"42":{"start":{"line":124,"column":8},"end":{"line":124,"column":31}},"43":{"start":{"line":125,"column":8},"end":{"line":125,"column":46}}},"fnMap":{"0":{"name":"(anonymous_0)","decl":{"start":{"line":24,"column":72},"end":{"line":24,"column":73}},"loc":{"start":{"line":24,"column":84},"end":{"line":31,"column":1}},"line":24},"1":{"name":"(anonymous_1)","decl":{"start":{"line":40,"column":2},"end":{"line":40,"column":3}},"loc":{"start":{"line":40,"column":71},"end":{"line":61,"column":3}},"line":40},"2":{"name":"(anonymous_2)","decl":{"start":{"line":66,"column":2},"end":{"line":66,"column":3}},"loc":{"start":{"line":66,"column":45},"end":{"line":82,"column":3}},"line":66},"3":{"name":"(anonymous_3)","decl":{"start":{"line":91,"column":17},"end":{"line":91,"column":18}},"loc":{"start":{"line":91,"column":30},"end":{"line":127,"column":3}},"line":91},"4":{"name":"(anonymous_4)","decl":{"start":{"line":94,"column":38},"end":{"line":94,"column":39}},"loc":{"start":{"line":94,"column":49},"end":{"line":96,"column":7}},"line":94},"5":{"name":"(anonymous_5)","decl":{"start":{"line":97,"column":40},"end":{"line":97,"column":41}},"loc":{"start":{"line":97,"column":85},"end":{"line":100,"column":7}},"line":97},"6":{"name":"(anonymous_6)","decl":{"start":{"line":101,"column":39},"end":{"line":101,"column":40}},"loc":{"start":{"line":101,"column":58},"end":{"line":104,"column":7}},"line":101},"7":{"name":"(anonymous_7)","decl":{"start":{"line":105,"column":38},"end":{"line":105,"column":39}},"loc":{"start":{"line":105,"column":49},"end":{"line":107,"column":7}},"line":105},"8":{"name":"(anonymous_8)","decl":{"start":{"line":108,"column":40},"end":{"line":108,"column":41}},"loc":{"start":{"line":108,"column":83},"end":{"line":111,"column":7}},"line":108},"9":{"name":"(anonymous_9)","decl":{"start":{"line":112,"column":39},"end":{"line":112,"column":40}},"loc":{"start":{"line":112,"column":58},"end":{"line":115,"column":7}},"line":112},"10":{"name":"(anonymous_10)","decl":{"start":{"line":116,"column":38},"end":{"line":116,"column":39}},"loc":{"start":{"line":116,"column":49},"end":{"line":118,"column":7}},"line":116},"11":{"name":"(anonymous_11)","decl":{"start":{"line":119,"column":40},"end":{"line":119,"column":41}},"loc":{"start":{"line":119,"column":82},"end":{"line":122,"column":7}},"line":119},"12":{"name":"(anonymous_12)","decl":{"start":{"line":121,"column":47},"end":{"line":121,"column":48}},"loc":{"start":{"line":121,"column":60},"end":{"line":121,"column":89}},"line":121},"13":{"name":"(anonymous_13)","decl":{"start":{"line":123,"column":39},"end":{"line":123,"column":40}},"loc":{"start":{"line":123,"column":58},"end":{"line":126,"column":7}},"line":123}},"branchMap":{"0":{"loc":{"start":{"line":26,"column":2},"end":{"line":28,"column":3}},"type":"if","locations":[{"start":{"line":26,"column":2},"end":{"line":28,"column":3}},{"start":{},"end":{}}],"line":26},"1":{"loc":{"start":{"line":50,"column":6},"end":{"line":53,"column":7}},"type":"if","locations":[{"start":{"line":50,"column":6},"end":{"line":53,"column":7}},{"start":{},"end":{}}],"line":50},"2":{"loc":{"start":{"line":52,"column":24},"end":{"line":52,"column":71}},"type":"binary-expr","locations":[{"start":{"line":52,"column":24},"end":{"line":52,"column":41}},{"start":{"line":52,"column":45},"end":{"line":52,"column":71}}],"line":52},"3":{"loc":{"start":{"line":59,"column":29},"end":{"line":59,"column":97}},"type":"binary-expr","locations":[{"start":{"line":59,"column":29},"end":{"line":59,"column":42}},{"start":{"line":59,"column":46},"end":{"line":59,"column":97}}],"line":59},"4":{"loc":{"start":{"line":72,"column":6},"end":{"line":75,"column":7}},"type":"if","locations":[{"start":{"line":72,"column":6},"end":{"line":75,"column":7}},{"start":{},"end":{}}],"line":72},"5":{"loc":{"start":{"line":74,"column":24},"end":{"line":74,"column":71}},"type":"binary-expr","locations":[{"start":{"line":74,"column":24},"end":{"line":74,"column":41}},{"start":{"line":74,"column":45},"end":{"line":74,"column":71}}],"line":74},"6":{"loc":{"start":{"line":80,"column":29},"end":{"line":80,"column":97}},"type":"binary-expr","locations":[{"start":{"line":80,"column":29},"end":{"line":80,"column":42}},{"start":{"line":80,"column":46},"end":{"line":80,"column":97}}],"line":80},"7":{"loc":{"start":{"line":103,"column":22},"end":{"line":103,"column":72}},"type":"binary-expr","locations":[{"start":{"line":103,"column":22},"end":{"line":103,"column":42}},{"start":{"line":103,"column":46},"end":{"line":103,"column":72}}],"line":103}},"s":{"0":0,"1":0,"2":0,"3":0,"4":0,"5":0,"6":0,"7":0,"8":0,"9":0,"10":0,"11":0,"12":0,"13":0,"14":0,"15":0,"16":0,"17":0,"18":0,"19":0,"20":0,"21":0,"22":0,"23":0,"24":0,"25":0,"26":0,"27":0,"28":0,"29":0,"30":0,"31":0,"32":0,"33":0,"34":0,"35":0,"36":0,"37":0,"38":0,"39":0,"40":0,"41":0,"42":0,"43":0},"f":{"0":0,"1":0,"2":0,"3":0,"4":0,"5":0,"6":0,"7":0,"8":0,"9":0,"10":0,"11":0,"12":0,"13":0},"b":{"0":[0,0],"1":[0,0],"2":[0,0],"3":[0,0],"4":[0,0],"5":[0,0],"6":[0,0],"7":[0,0]}}
,"D:\\Programming\\Programming-Tests\\desafio-agendaedu\\src\\screens\\ClassesScreen.tsx": {"path":"D:\\Programming\\Programming-Tests\\desafio-agendaedu\\src\\screens\\ClassesScreen.tsx","statementMap":{"0":{"start":{"line":32,"column":29},"end":{"line":32,"column":30}},"1":{"start":{"line":40,"column":32},"end":{"line":40,"column":45}},"2":{"start":{"line":41,"column":37},"end":{"line":43,"column":3}},"3":{"start":{"line":42,"column":26},"end":{"line":42,"column":39}},"4":{"start":{"line":45,"column":38},"end":{"line":48,"column":4}},"5":{"start":{"line":50,"column":26},"end":{"line":50,"column":37}},"6":{"start":{"line":51,"column":46},"end":{"line":51,"column":61}},"7":{"start":{"line":52,"column":32},"end":{"line":52,"column":46}},"8":{"start":{"line":54,"column":48},"end":{"line":54,"column":77}},"9":{"start":{"line":55,"column":58},"end":{"line":55,"column":73}},"10":{"start":{"line":56,"column":46},"end":{"line":56,"column":58}},"11":{"start":{"line":58,"column":2},"end":{"line":76,"column":15}},"12":{"start":{"line":59,"column":26},"end":{"line":73,"column":5}},"13":{"start":{"line":60,"column":6},"end":{"line":60,"column":37}},"14":{"start":{"line":60,"column":31},"end":{"line":60,"column":37}},"15":{"start":{"line":62,"column":26},"end":{"line":62,"column":69}},"16":{"start":{"line":63,"column":6},"end":{"line":72,"column":7}},"17":{"start":{"line":64,"column":8},"end":{"line":70,"column":10}},"18":{"start":{"line":71,"column":8},"end":{"line":71,"column":59}},"19":{"start":{"line":75,"column":4},"end":{"line":75,"column":19}},"20":{"start":{"line":78,"column":2},"end":{"line":88,"column":6}},"21":{"start":{"line":79,"column":25},"end":{"line":85,"column":5}},"22":{"start":{"line":80,"column":21},"end":{"line":80,"column":91}},"23":{"start":{"line":81,"column":6},"end":{"line":84,"column":7}},"24":{"start":{"line":82,"column":8},"end":{"line":82,"column":42}},"25":{"start":{"line":83,"column":8},"end":{"line":83,"column":18}},"26":{"start":{"line":87,"column":4},"end":{"line":87,"column":18}},"27":{"start":{"line":90,"column":2},"end":{"line":99,"column":21}},"28":{"start":{"line":91,"column":4},"end":{"line":98,"column":5}},"29":{"start":{"line":92,"column":6},"end":{"line":97,"column":8}},"30":{"start":{"line":101,"column":26},"end":{"line":115,"column":3}},"31":{"start":{"line":102,"column":4},"end":{"line":102,"column":42}},"32":{"start":{"line":102,"column":36},"end":{"line":102,"column":42}},"33":{"start":{"line":104,"column":4},"end":{"line":104,"column":27}},"34":{"start":{"line":105,"column":21},"end":{"line":105,"column":29}},"35":{"start":{"line":107,"column":19},"end":{"line":107,"column":95}},"36":{"start":{"line":108,"column":4},"end":{"line":112,"column":5}},"37":{"start":{"line":109,"column":6},"end":{"line":109,"column":23}},"38":{"start":{"line":110,"column":26},"end":{"line":110,"column":40}},"39":{"start":{"line":111,"column":6},"end":{"line":111,"column":25}},"40":{"start":{"line":114,"column":4},"end":{"line":114,"column":28}},"41":{"start":{"line":117,"column":37},"end":{"line":123,"column":3}},"42":{"start":{"line":118,"column":4},"end":{"line":122,"column":7}},"43":{"start":{"line":118,"column":30},"end":{"line":122,"column":5}},"44":{"start":{"line":125,"column":28},"end":{"line":156,"column":3}},"45":{"start":{"line":126,"column":4},"end":{"line":134,"column":5}},"46":{"start":{"line":127,"column":6},"end":{"line":132,"column":8}},"47":{"start":{"line":133,"column":6},"end":{"line":133,"column":12}},"48":{"start":{"line":136,"column":25},"end":{"line":136,"column":63}},"49":{"start":{"line":138,"column":4},"end":{"line":155,"column":5}},"50":{"start":{"line":139,"column":6},"end":{"line":139,"column":27}},"51":{"start":{"line":140,"column":6},"end":{"line":140,"column":34}},"52":{"start":{"line":141,"column":6},"end":{"line":146,"column":8}},"53":{"start":{"line":147,"column":11},"end":{"line":155,"column":5}},"54":{"start":{"line":148,"column":6},"end":{"line":154,"column":8}},"55":{"start":{"line":158,"column":26},"end":{"line":192,"column":3}},"56":{"start":{"line":159,"column":4},"end":{"line":167,"column":5}},"57":{"start":{"line":160,"column":6},"end":{"line":165,"column":8}},"58":{"start":{"line":166,"column":6},"end":{"line":166,"column":12}},"59":{"start":{"line":169,"column":25},"end":{"line":171,"column":5}},"60":{"start":{"line":173,"column":4},"end":{"line":191,"column":5}},"61":{"start":{"line":174,"column":6},"end":{"line":174,"column":27}},"62":{"start":{"line":175,"column":6},"end":{"line":175,"column":34}},"63":{"start":{"line":176,"column":6},"end":{"line":181,"column":8}},"64":{"start":{"line":183,"column":11},"end":{"line":191,"column":5}},"65":{"start":{"line":184,"column":6},"end":{"line":190,"column":8}},"66":{"start":{"line":194,"column":28},"end":{"line":217,"column":3}},"67":{"start":{"line":195,"column":25},"end":{"line":195,"column":70}},"68":{"start":{"line":197,"column":4},"end":{"line":216,"column":5}},"69":{"start":{"line":198,"column":6},"end":{"line":198,"column":27}},"70":{"start":{"line":199,"column":6},"end":{"line":199,"column":36}},"71":{"start":{"line":201,"column":6},"end":{"line":206,"column":8}},"72":{"start":{"line":208,"column":11},"end":{"line":216,"column":5}},"73":{"start":{"line":209,"column":6},"end":{"line":215,"column":8}},"74":{"start":{"line":219,"column":24},"end":{"line":225,"column":3}},"75":{"start":{"line":220,"column":4},"end":{"line":220,"column":31}},"76":{"start":{"line":221,"column":4},"end":{"line":223,"column":5}},"77":{"start":{"line":222,"column":34},"end":{"line":222,"column":58}},"78":{"start":{"line":224,"column":4},"end":{"line":224,"column":75}},"79":{"start":{"line":224,"column":30},"end":{"line":224,"column":73}},"80":{"start":{"line":227,"column":26},"end":{"line":230,"column":3}},"81":{"start":{"line":228,"column":4},"end":{"line":228,"column":31}},"82":{"start":{"line":229,"column":4},"end":{"line":229,"column":33}},"83":{"start":{"line":232,"column":2},"end":{"line":327,"column":3}},"84":{"start":{"line":252,"column":34},"end":{"line":252,"column":41}},"85":{"start":{"line":254,"column":12},"end":{"line":259,"column":14}},"86":{"start":{"line":262,"column":12},"end":{"line":276,"column":20}},"87":{"start":{"line":322,"column":23},"end":{"line":322,"column":53}}},"fnMap":{"0":{"name":"ClassesScreen","decl":{"start":{"line":39,"column":24},"end":{"line":39,"column":37}},"loc":{"start":{"line":39,"column":40},"end":{"line":328,"column":1}},"line":39},"1":{"name":"(anonymous_1)","decl":{"start":{"line":42,"column":4},"end":{"line":42,"column":5}},"loc":{"start":{"line":42,"column":26},"end":{"line":42,"column":39}},"line":42},"2":{"name":"(anonymous_2)","decl":{"start":{"line":58,"column":12},"end":{"line":58,"column":13}},"loc":{"start":{"line":58,"column":18},"end":{"line":76,"column":3}},"line":58},"3":{"name":"(anonymous_3)","decl":{"start":{"line":59,"column":26},"end":{"line":59,"column":27}},"loc":{"start":{"line":59,"column":38},"end":{"line":73,"column":5}},"line":59},"4":{"name":"(anonymous_4)","decl":{"start":{"line":78,"column":12},"end":{"line":78,"column":13}},"loc":{"start":{"line":78,"column":18},"end":{"line":88,"column":1}},"line":78},"5":{"name":"(anonymous_5)","decl":{"start":{"line":79,"column":25},"end":{"line":79,"column":26}},"loc":{"start":{"line":79,"column":37},"end":{"line":85,"column":5}},"line":79},"6":{"name":"(anonymous_6)","decl":{"start":{"line":90,"column":12},"end":{"line":90,"column":13}},"loc":{"start":{"line":90,"column":18},"end":{"line":99,"column":3}},"line":90},"7":{"name":"(anonymous_7)","decl":{"start":{"line":101,"column":26},"end":{"line":101,"column":27}},"loc":{"start":{"line":101,"column":38},"end":{"line":115,"column":3}},"line":101},"8":{"name":"(anonymous_8)","decl":{"start":{"line":117,"column":37},"end":{"line":117,"column":38}},"loc":{"start":{"line":117,"column":43},"end":{"line":123,"column":3}},"line":117},"9":{"name":"(anonymous_9)","decl":{"start":{"line":118,"column":18},"end":{"line":118,"column":19}},"loc":{"start":{"line":118,"column":30},"end":{"line":122,"column":5}},"line":118},"10":{"name":"(anonymous_10)","decl":{"start":{"line":125,"column":28},"end":{"line":125,"column":29}},"loc":{"start":{"line":125,"column":57},"end":{"line":156,"column":3}},"line":125},"11":{"name":"(anonymous_11)","decl":{"start":{"line":158,"column":26},"end":{"line":158,"column":27}},"loc":{"start":{"line":158,"column":55},"end":{"line":192,"column":3}},"line":158},"12":{"name":"(anonymous_12)","decl":{"start":{"line":194,"column":28},"end":{"line":194,"column":29}},"loc":{"start":{"line":194,"column":40},"end":{"line":217,"column":3}},"line":194},"13":{"name":"(anonymous_13)","decl":{"start":{"line":219,"column":24},"end":{"line":219,"column":25}},"loc":{"start":{"line":219,"column":45},"end":{"line":225,"column":3}},"line":219},"14":{"name":"(anonymous_14)","decl":{"start":{"line":222,"column":19},"end":{"line":222,"column":20}},"loc":{"start":{"line":222,"column":34},"end":{"line":222,"column":58}},"line":222},"15":{"name":"(anonymous_15)","decl":{"start":{"line":224,"column":18},"end":{"line":224,"column":19}},"loc":{"start":{"line":224,"column":30},"end":{"line":224,"column":73}},"line":224},"16":{"name":"(anonymous_16)","decl":{"start":{"line":227,"column":26},"end":{"line":227,"column":27}},"loc":{"start":{"line":227,"column":47},"end":{"line":230,"column":3}},"line":227},"17":{"name":"(anonymous_17)","decl":{"start":{"line":252,"column":24},"end":{"line":252,"column":25}},"loc":{"start":{"line":252,"column":34},"end":{"line":252,"column":41}},"line":252},"18":{"name":"(anonymous_18)","decl":{"start":{"line":253,"column":22},"end":{"line":253,"column":23}},"loc":{"start":{"line":254,"column":12},"end":{"line":259,"column":14}},"line":254},"19":{"name":"(anonymous_19)","decl":{"start":{"line":261,"column":31},"end":{"line":261,"column":32}},"loc":{"start":{"line":262,"column":12},"end":{"line":276,"column":20}},"line":262},"20":{"name":"(anonymous_20)","decl":{"start":{"line":322,"column":17},"end":{"line":322,"column":18}},"loc":{"start":{"line":322,"column":23},"end":{"line":322,"column":53}},"line":322}},"branchMap":{"0":{"loc":{"start":{"line":60,"column":6},"end":{"line":60,"column":37}},"type":"if","locations":[{"start":{"line":60,"column":6},"end":{"line":60,"column":37}},{"start":{},"end":{}}],"line":60},"1":{"loc":{"start":{"line":63,"column":6},"end":{"line":72,"column":7}},"type":"if","locations":[{"start":{"line":63,"column":6},"end":{"line":72,"column":7}},{"start":{},"end":{}}],"line":63},"2":{"loc":{"start":{"line":81,"column":6},"end":{"line":84,"column":7}},"type":"if","locations":[{"start":{"line":81,"column":6},"end":{"line":84,"column":7}},{"start":{},"end":{}}],"line":81},"3":{"loc":{"start":{"line":91,"column":4},"end":{"line":98,"column":5}},"type":"if","locations":[{"start":{"line":91,"column":4},"end":{"line":98,"column":5}},{"start":{},"end":{}}],"line":91},"4":{"loc":{"start":{"line":91,"column":8},"end":{"line":91,"column":36}},"type":"binary-expr","locations":[{"start":{"line":91,"column":8},"end":{"line":91,"column":27}},{"start":{"line":91,"column":31},"end":{"line":91,"column":36}}],"line":91},"5":{"loc":{"start":{"line":102,"column":4},"end":{"line":102,"column":42}},"type":"if","locations":[{"start":{"line":102,"column":4},"end":{"line":102,"column":42}},{"start":{},"end":{}}],"line":102},"6":{"loc":{"start":{"line":102,"column":8},"end":{"line":102,"column":34}},"type":"binary-expr","locations":[{"start":{"line":102,"column":8},"end":{"line":102,"column":22}},{"start":{"line":102,"column":26},"end":{"line":102,"column":34}}],"line":102},"7":{"loc":{"start":{"line":108,"column":4},"end":{"line":112,"column":5}},"type":"if","locations":[{"start":{"line":108,"column":4},"end":{"line":112,"column":5}},{"start":{},"end":{}}],"line":108},"8":{"loc":{"start":{"line":126,"column":4},"end":{"line":134,"column":5}},"type":"if","locations":[{"start":{"line":126,"column":4},"end":{"line":134,"column":5}},{"start":{},"end":{}}],"line":126},"9":{"loc":{"start":{"line":138,"column":4},"end":{"line":155,"column":5}},"type":"if","locations":[{"start":{"line":138,"column":4},"end":{"line":155,"column":5}},{"start":{"line":147,"column":11},"end":{"line":155,"column":5}}],"line":138},"10":{"loc":{"start":{"line":147,"column":11},"end":{"line":155,"column":5}},"type":"if","locations":[{"start":{"line":147,"column":11},"end":{"line":155,"column":5}},{"start":{},"end":{}}],"line":147},"11":{"loc":{"start":{"line":159,"column":4},"end":{"line":167,"column":5}},"type":"if","locations":[{"start":{"line":159,"column":4},"end":{"line":167,"column":5}},{"start":{},"end":{}}],"line":159},"12":{"loc":{"start":{"line":173,"column":4},"end":{"line":191,"column":5}},"type":"if","locations":[{"start":{"line":173,"column":4},"end":{"line":191,"column":5}},{"start":{"line":183,"column":11},"end":{"line":191,"column":5}}],"line":173},"13":{"loc":{"start":{"line":183,"column":11},"end":{"line":191,"column":5}},"type":"if","locations":[{"start":{"line":183,"column":11},"end":{"line":191,"column":5}},{"start":{},"end":{}}],"line":183},"14":{"loc":{"start":{"line":197,"column":4},"end":{"line":216,"column":5}},"type":"if","locations":[{"start":{"line":197,"column":4},"end":{"line":216,"column":5}},{"start":{"line":208,"column":11},"end":{"line":216,"column":5}}],"line":197},"15":{"loc":{"start":{"line":208,"column":11},"end":{"line":216,"column":5}},"type":"if","locations":[{"start":{"line":208,"column":11},"end":{"line":216,"column":5}},{"start":{},"end":{}}],"line":208},"16":{"loc":{"start":{"line":236,"column":10},"end":{"line":236,"column":78}},"type":"cond-expr","locations":[{"start":{"line":236,"column":55},"end":{"line":236,"column":66}},{"start":{"line":236,"column":69},"end":{"line":236,"column":78}}],"line":236},"17":{"loc":{"start":{"line":236,"column":10},"end":{"line":236,"column":52}},"type":"binary-expr","locations":[{"start":{"line":236,"column":10},"end":{"line":236,"column":28}},{"start":{"line":236,"column":32},"end":{"line":236,"column":52}}],"line":236},"18":{"loc":{"start":{"line":241,"column":7},"end":{"line":287,"column":7}},"type":"cond-expr","locations":[{"start":{"line":242,"column":8},"end":{"line":247,"column":15}},{"start":{"line":248,"column":10},"end":{"line":287,"column":7}}],"line":241},"19":{"loc":{"start":{"line":248,"column":10},"end":{"line":287,"column":7}},"type":"cond-expr","locations":[{"start":{"line":249,"column":8},"end":{"line":278,"column":10}},{"start":{"line":280,"column":8},"end":{"line":286,"column":15}}],"line":248},"20":{"loc":{"start":{"line":262,"column":12},"end":{"line":276,"column":20}},"type":"cond-expr","locations":[{"start":{"line":263,"column":14},"end":{"line":275,"column":21}},{"start":{"line":276,"column":16},"end":{"line":276,"column":20}}],"line":262},"21":{"loc":{"start":{"line":269,"column":19},"end":{"line":273,"column":19}},"type":"cond-expr","locations":[{"start":{"line":270,"column":20},"end":{"line":270,"column":67}},{"start":{"line":272,"column":20},"end":{"line":272,"column":95}}],"line":269},"22":{"loc":{"start":{"line":296,"column":11},"end":{"line":302,"column":11}},"type":"cond-expr","locations":[{"start":{"line":297,"column":12},"end":{"line":297,"column":49}},{"start":{"line":299,"column":12},"end":{"line":301,"column":19}}],"line":296},"23":{"loc":{"start":{"line":296,"column":11},"end":{"line":296,"column":53}},"type":"binary-expr","locations":[{"start":{"line":296,"column":11},"end":{"line":296,"column":31}},{"start":{"line":296,"column":35},"end":{"line":296,"column":53}}],"line":296},"24":{"loc":{"start":{"line":310,"column":10},"end":{"line":310,"column":77}},"type":"cond-expr","locations":[{"start":{"line":310,"column":42},"end":{"line":310,"column":59}},{"start":{"line":310,"column":62},"end":{"line":310,"column":77}}],"line":310},"25":{"loc":{"start":{"line":315,"column":10},"end":{"line":315,"column":72}},"type":"cond-expr","locations":[{"start":{"line":315,"column":42},"end":{"line":315,"column":55}},{"start":{"line":315,"column":58},"end":{"line":315,"column":72}}],"line":315}},"s":{"0":1,"1":1,"2":1,"3":1,"4":1,"5":1,"6":1,"7":1,"8":1,"9":1,"10":1,"11":1,"12":1,"13":1,"14":0,"15":1,"16":1,"17":1,"18":0,"19":1,"20":1,"21":1,"22":1,"23":1,"24":0,"25":0,"26":1,"27":1,"28":1,"29":0,"30":1,"31":0,"32":0,"33":0,"34":0,"35":0,"36":0,"37":0,"38":0,"39":0,"40":0,"41":1,"42":0,"43":0,"44":1,"45":0,"46":0,"47":0,"48":0,"49":0,"50":0,"51":0,"52":0,"53":0,"54":0,"55":1,"56":0,"57":0,"58":0,"59":0,"60":0,"61":0,"62":0,"63":0,"64":0,"65":0,"66":1,"67":0,"68":0,"69":0,"70":0,"71":0,"72":0,"73":0,"74":1,"75":0,"76":0,"77":0,"78":0,"79":0,"80":1,"81":0,"82":0,"83":1,"84":3,"85":2,"86":1,"87":0},"f":{"0":1,"1":1,"2":1,"3":1,"4":1,"5":1,"6":1,"7":0,"8":0,"9":0,"10":0,"11":0,"12":0,"13":0,"14":0,"15":0,"16":0,"17":3,"18":2,"19":1,"20":0},"b":{"0":[0,1],"1":[1,0],"2":[0,1],"3":[0,1],"4":[1,0],"5":[0,0],"6":[0,0],"7":[0,0],"8":[0,0],"9":[0,0],"10":[0,0],"11":[0,0],"12":[0,0],"13":[0,0],"14":[0,0],"15":[0,0],"16":[0,1],"17":[1,1],"18":[0,1],"19":[1,0],"20":[1,0],"21":[0,1],"22":[0,1],"23":[1,0],"24":[1,0],"25":[1,0]},"_coverageSchema":"1a1c01bbd47fc00a2c39e90264f33305004495a9","hash":"ca3e19e41a24889a508b7cc89c9311ff4fceec93"}
,"D:\\Programming\\Programming-Tests\\desafio-agendaedu\\src\\screens\\HomeScreen.tsx": {"path":"D:\\Programming\\Programming-Tests\\desafio-agendaedu\\src\\screens\\HomeScreen.tsx","statementMap":{"0":{"start":{"line":13,"column":21},"end":{"line":13,"column":36}},"1":{"start":{"line":15,"column":22},"end":{"line":26,"column":3}},"2":{"start":{"line":16,"column":16},"end":{"line":16,"column":26}},"3":{"start":{"line":17,"column":17},"end":{"line":17,"column":31}},"4":{"start":{"line":19,"column":4},"end":{"line":25,"column":5}},"5":{"start":{"line":20,"column":6},"end":{"line":20,"column":22}},"6":{"start":{"line":21,"column":11},"end":{"line":25,"column":5}},"7":{"start":{"line":22,"column":6},"end":{"line":22,"column":24}},"8":{"start":{"line":24,"column":6},"end":{"line":24,"column":24}},"9":{"start":{"line":28,"column":2},"end":{"line":69,"column":3}},"10":{"start":{"line":56,"column":27},"end":{"line":56,"column":57}},"11":{"start":{"line":62,"column":27},"end":{"line":62,"column":59}}},"fnMap":{"0":{"name":"HomeScreen","decl":{"start":{"line":12,"column":24},"end":{"line":12,"column":34}},"loc":{"start":{"line":12,"column":37},"end":{"line":70,"column":1}},"line":12},"1":{"name":"(anonymous_1)","decl":{"start":{"line":15,"column":22},"end":{"line":15,"column":23}},"loc":{"start":{"line":15,"column":28},"end":{"line":26,"column":3}},"line":15},"2":{"name":"(anonymous_2)","decl":{"start":{"line":56,"column":21},"end":{"line":56,"column":22}},"loc":{"start":{"line":56,"column":27},"end":{"line":56,"column":57}},"line":56},"3":{"name":"(anonymous_3)","decl":{"start":{"line":62,"column":21},"end":{"line":62,"column":22}},"loc":{"start":{"line":62,"column":27},"end":{"line":62,"column":59}},"line":62}},"branchMap":{"0":{"loc":{"start":{"line":19,"column":4},"end":{"line":25,"column":5}},"type":"if","locations":[{"start":{"line":19,"column":4},"end":{"line":25,"column":5}},{"start":{"line":21,"column":11},"end":{"line":25,"column":5}}],"line":19},"1":{"loc":{"start":{"line":19,"column":8},"end":{"line":19,"column":30}},"type":"binary-expr","locations":[{"start":{"line":19,"column":8},"end":{"line":19,"column":17}},{"start":{"line":19,"column":21},"end":{"line":19,"column":30}}],"line":19},"2":{"loc":{"start":{"line":21,"column":11},"end":{"line":25,"column":5}},"type":"if","locations":[{"start":{"line":21,"column":11},"end":{"line":25,"column":5}},{"start":{"line":23,"column":11},"end":{"line":25,"column":5}}],"line":21},"3":{"loc":{"start":{"line":21,"column":15},"end":{"line":21,"column":39}},"type":"binary-expr","locations":[{"start":{"line":21,"column":15},"end":{"line":21,"column":25}},{"start":{"line":21,"column":29},"end":{"line":21,"column":39}}],"line":21}},"s":{"0":2,"1":2,"2":2,"3":2,"4":2,"5":0,"6":2,"7":0,"8":2,"9":2,"10":1,"11":1},"f":{"0":2,"1":2,"2":1,"3":1},"b":{"0":[0,2],"1":[2,2],"2":[0,2],"3":[2,2]},"_coverageSchema":"1a1c01bbd47fc00a2c39e90264f33305004495a9","hash":"64e28732bb7d33ba5a95dbb139d6bd1512c04cdc"}
,"D:\\Programming\\Programming-Tests\\desafio-agendaedu\\src\\screens\\StudentsScreens.tsx": {"path":"D:\\Programming\\Programming-Tests\\desafio-agendaedu\\src\\screens\\StudentsScreens.tsx","statementMap":{"0":{"start":{"line":28,"column":16},"end":{"line":28,"column":51}},"1":{"start":{"line":29,"column":39},"end":{"line":29,"column":51}},"2":{"start":{"line":31,"column":32},"end":{"line":31,"column":45}},"3":{"start":{"line":32,"column":38},"end":{"line":34,"column":3}},"4":{"start":{"line":33,"column":26},"end":{"line":33,"column":40}},"5":{"start":{"line":36,"column":62},"end":{"line":36,"column":77}},"6":{"start":{"line":37,"column":50},"end":{"line":37,"column":62}},"7":{"start":{"line":39,"column":2},"end":{"line":43,"column":24}},"8":{"start":{"line":40,"column":4},"end":{"line":42,"column":5}},"9":{"start":{"line":41,"column":6},"end":{"line":41,"column":31}},"10":{"start":{"line":45,"column":2},"end":{"line":49,"column":21}},"11":{"start":{"line":46,"column":4},"end":{"line":48,"column":5}},"12":{"start":{"line":47,"column":6},"end":{"line":47,"column":33}},"13":{"start":{"line":51,"column":39},"end":{"line":53,"column":3}},"14":{"start":{"line":52,"column":4},"end":{"line":52,"column":54}},"15":{"start":{"line":55,"column":30},"end":{"line":74,"column":3}},"16":{"start":{"line":56,"column":4},"end":{"line":59,"column":5}},"17":{"start":{"line":57,"column":6},"end":{"line":57,"column":66}},"18":{"start":{"line":58,"column":6},"end":{"line":58,"column":12}},"19":{"start":{"line":61,"column":25},"end":{"line":63,"column":5}},"20":{"start":{"line":65,"column":4},"end":{"line":73,"column":5}},"21":{"start":{"line":66,"column":6},"end":{"line":66,"column":29}},"22":{"start":{"line":67,"column":6},"end":{"line":67,"column":36}},"23":{"start":{"line":68,"column":11},"end":{"line":73,"column":5}},"24":{"start":{"line":69,"column":6},"end":{"line":72,"column":7}},"25":{"start":{"line":76,"column":33},"end":{"line":78,"column":3}},"26":{"start":{"line":77,"column":17},"end":{"line":77,"column":44}},"27":{"start":{"line":80,"column":2},"end":{"line":177,"column":3}},"28":{"start":{"line":104,"column":34},"end":{"line":104,"column":41}},"29":{"start":{"line":106,"column":12},"end":{"line":106,"column":80}},"30":{"start":{"line":148,"column":52},"end":{"line":148,"column":71}}},"fnMap":{"0":{"name":"StudentsScreen","decl":{"start":{"line":27,"column":24},"end":{"line":27,"column":38}},"loc":{"start":{"line":27,"column":41},"end":{"line":178,"column":1}},"line":27},"1":{"name":"(anonymous_1)","decl":{"start":{"line":33,"column":4},"end":{"line":33,"column":5}},"loc":{"start":{"line":33,"column":26},"end":{"line":33,"column":40}},"line":33},"2":{"name":"(anonymous_2)","decl":{"start":{"line":39,"column":12},"end":{"line":39,"column":13}},"loc":{"start":{"line":39,"column":18},"end":{"line":43,"column":3}},"line":39},"3":{"name":"(anonymous_3)","decl":{"start":{"line":45,"column":12},"end":{"line":45,"column":13}},"loc":{"start":{"line":45,"column":18},"end":{"line":49,"column":3}},"line":45},"4":{"name":"(anonymous_4)","decl":{"start":{"line":51,"column":39},"end":{"line":51,"column":40}},"loc":{"start":{"line":51,"column":45},"end":{"line":53,"column":3}},"line":51},"5":{"name":"(anonymous_5)","decl":{"start":{"line":55,"column":30},"end":{"line":55,"column":31}},"loc":{"start":{"line":55,"column":42},"end":{"line":74,"column":3}},"line":55},"6":{"name":"(anonymous_6)","decl":{"start":{"line":77,"column":4},"end":{"line":77,"column":5}},"loc":{"start":{"line":77,"column":17},"end":{"line":77,"column":44}},"line":77},"7":{"name":"(anonymous_7)","decl":{"start":{"line":104,"column":24},"end":{"line":104,"column":25}},"loc":{"start":{"line":104,"column":34},"end":{"line":104,"column":41}},"line":104},"8":{"name":"(anonymous_8)","decl":{"start":{"line":105,"column":22},"end":{"line":105,"column":23}},"loc":{"start":{"line":106,"column":12},"end":{"line":106,"column":80}},"line":106},"9":{"name":"(anonymous_9)","decl":{"start":{"line":148,"column":45},"end":{"line":148,"column":46}},"loc":{"start":{"line":148,"column":52},"end":{"line":148,"column":71}},"line":148}},"branchMap":{"0":{"loc":{"start":{"line":40,"column":4},"end":{"line":42,"column":5}},"type":"if","locations":[{"start":{"line":40,"column":4},"end":{"line":42,"column":5}},{"start":{},"end":{}}],"line":40},"1":{"loc":{"start":{"line":46,"column":4},"end":{"line":48,"column":5}},"type":"if","locations":[{"start":{"line":46,"column":4},"end":{"line":48,"column":5}},{"start":{},"end":{}}],"line":46},"2":{"loc":{"start":{"line":46,"column":8},"end":{"line":46,"column":36}},"type":"binary-expr","locations":[{"start":{"line":46,"column":8},"end":{"line":46,"column":27}},{"start":{"line":46,"column":31},"end":{"line":46,"column":36}}],"line":46},"3":{"loc":{"start":{"line":56,"column":4},"end":{"line":59,"column":5}},"type":"if","locations":[{"start":{"line":56,"column":4},"end":{"line":59,"column":5}},{"start":{},"end":{}}],"line":56},"4":{"loc":{"start":{"line":65,"column":4},"end":{"line":73,"column":5}},"type":"if","locations":[{"start":{"line":65,"column":4},"end":{"line":73,"column":5}},{"start":{"line":68,"column":11},"end":{"line":73,"column":5}}],"line":65},"5":{"loc":{"start":{"line":68,"column":11},"end":{"line":73,"column":5}},"type":"if","locations":[{"start":{"line":68,"column":11},"end":{"line":73,"column":5}},{"start":{},"end":{}}],"line":68},"6":{"loc":{"start":{"line":71,"column":8},"end":{"line":71,"column":77}},"type":"binary-expr","locations":[{"start":{"line":71,"column":9},"end":{"line":71,"column":39}},{"start":{"line":71,"column":44},"end":{"line":71,"column":77}}],"line":71},"7":{"loc":{"start":{"line":83,"column":25},"end":{"line":83,"column":73}},"type":"cond-expr","locations":[{"start":{"line":83,"column":50},"end":{"line":83,"column":61}},{"start":{"line":83,"column":64},"end":{"line":83,"column":73}}],"line":83},"8":{"loc":{"start":{"line":94,"column":7},"end":{"line":118,"column":7}},"type":"cond-expr","locations":[{"start":{"line":95,"column":8},"end":{"line":100,"column":15}},{"start":{"line":101,"column":10},"end":{"line":118,"column":7}}],"line":94},"9":{"loc":{"start":{"line":101,"column":10},"end":{"line":118,"column":7}},"type":"cond-expr","locations":[{"start":{"line":102,"column":8},"end":{"line":109,"column":10}},{"start":{"line":111,"column":8},"end":{"line":117,"column":15}}],"line":101},"10":{"loc":{"start":{"line":127,"column":11},"end":{"line":133,"column":11}},"type":"cond-expr","locations":[{"start":{"line":128,"column":12},"end":{"line":128,"column":49}},{"start":{"line":130,"column":12},"end":{"line":132,"column":19}}],"line":127},"11":{"loc":{"start":{"line":127,"column":11},"end":{"line":127,"column":57}},"type":"binary-expr","locations":[{"start":{"line":127,"column":11},"end":{"line":127,"column":31}},{"start":{"line":127,"column":35},"end":{"line":127,"column":57}}],"line":127},"12":{"loc":{"start":{"line":164,"column":17},"end":{"line":170,"column":17}},"type":"cond-expr","locations":[{"start":{"line":165,"column":18},"end":{"line":165,"column":55}},{"start":{"line":167,"column":18},"end":{"line":169,"column":25}}],"line":164}},"s":{"0":0,"1":0,"2":0,"3":0,"4":0,"5":0,"6":0,"7":0,"8":0,"9":0,"10":0,"11":0,"12":0,"13":0,"14":0,"15":0,"16":0,"17":0,"18":0,"19":0,"20":0,"21":0,"22":0,"23":0,"24":0,"25":0,"26":0,"27":0,"28":0,"29":0,"30":0},"f":{"0":0,"1":0,"2":0,"3":0,"4":0,"5":0,"6":0,"7":0,"8":0,"9":0},"b":{"0":[0,0],"1":[0,0],"2":[0,0],"3":[0,0],"4":[0,0],"5":[0,0],"6":[0,0],"7":[0,0],"8":[0,0],"9":[0,0],"10":[0,0],"11":[0,0],"12":[0,0]}}
,"D:\\Programming\\Programming-Tests\\desafio-agendaedu\\src\\services\\api.ts": {"path":"D:\\Programming\\Programming-Tests\\desafio-agendaedu\\src\\services\\api.ts","statementMap":{"0":{"start":{"line":1,"column":23},"end":{"line":1,"column":61}},"1":{"start":{"line":3,"column":24},"end":{"line":3,"column":55}}},"fnMap":{},"branchMap":{},"s":{"0":1,"1":1},"f":{},"b":{},"_coverageSchema":"1a1c01bbd47fc00a2c39e90264f33305004495a9","hash":"0e36060ad58082e1074374bf8c0eaf0143802ceb"}
,"D:\\Programming\\Programming-Tests\\desafio-agendaedu\\src\\types\\navigation.ts": {"path":"D:\\Programming\\Programming-Tests\\desafio-agendaedu\\src\\types\\navigation.ts","statementMap":{},"fnMap":{},"branchMap":{},"s":{},"f":{},"b":{}}
}
